This is XeTeX, Version 3.14159265-2.6-0.999992 (TeX Live 2020/W32TeX) (preloaded format=xelatex 2020.9.19)  5 FEB 2021 22:35
entering extended mode
 restricted \write18 enabled.
 file:line:error style messages enabled.
 %&-line parsing enabled.
**"d:/OneDrive - email.cufe.edu.cn/Code/GitHub/Science/Science"
(d:/OneDrive - email.cufe.edu.cn/Code/GitHub/Science/Science.tex
LaTeX2e <2020-02-02> patch level 5
L3 programming layer <2020-03-06> (d:/APP/TexLive/2020/texmf-dist/tex/latex/base/book.cls
Document Class: book 2019/12/20 v1.4l Standard LaTeX document class
(d:/APP/TexLive/2020/texmf-dist/tex/latex/base/bk12.clo
File: bk12.clo 2019/12/20 v1.4l Standard LaTeX file (size option)
)
\c@part=\count163
\c@chapter=\count164
\c@section=\count165
\c@subsection=\count166
\c@subsubsection=\count167
\c@paragraph=\count168
\c@subparagraph=\count169
\c@figure=\count170
\c@table=\count171
\abovecaptionskip=\skip47
\belowcaptionskip=\skip48
\bibindent=\dimen134
) (./latex_settings.tex (d:/APP/TexLive/2020/texmf-dist/tex/latex/fncychap/fncychap.sty
Package: fncychap 2007/07/30 v1.34 LaTeX package (Revised chapters)
\RW=\skip49
\mylen=\skip50
\myhi=\skip51
\px=\skip52
\py=\skip53
\pyy=\skip54
\pxx=\skip55
) (d:/APP/TexLive/2020/texmf-dist/tex/latex/titlesec/titlesec.sty
Package: titlesec 2019/10/16 v2.13 Sectioning titles
\ttl@box=\box45
\beforetitleunit=\skip56
\aftertitleunit=\skip57
\ttl@plus=\dimen135
\ttl@minus=\dimen136
\ttl@toksa=\toks15
\titlewidth=\dimen137
\titlewidthlast=\dimen138
\titlewidthfirst=\dimen139
) (d:/APP/TexLive/2020/texmf-dist/tex/latex/imakeidx/imakeidx.sty
Package: imakeidx 2016/10/15 v1.3e Package for typesetting indices in a synchronous mode
 (d:/APP/TexLive/2020/texmf-dist/tex/latex/xkeyval/xkeyval.sty
Package: xkeyval 2014/12/03 v2.7a package option processing (HA)
 (d:/APP/TexLive/2020/texmf-dist/tex/generic/xkeyval/xkeyval.tex (d:/APP/TexLive/2020/texmf-dist/tex/generic/xkeyval/xkvutils.tex
\XKV@toks=\toks16
\XKV@tempa@toks=\toks17
 (d:/APP/TexLive/2020/texmf-dist/tex/generic/xkeyval/keyval.tex))
\XKV@depth=\count172
File: xkeyval.tex 2014/12/03 v2.7a key=value parser (HA)
)) (d:/APP/TexLive/2020/texmf-dist/tex/generic/iftex/ifxetex.sty
Package: ifxetex 2019/10/25 v0.7 ifxetex legacy package. Use iftex instead.
 (d:/APP/TexLive/2020/texmf-dist/tex/generic/iftex/iftex.sty
Package: iftex 2020/03/06 v1.0d TeX engine tests
)) (d:/APP/TexLive/2020/texmf-dist/tex/generic/iftex/ifluatex.sty
Package: ifluatex 2019/10/25 v1.5 ifluatex legacy package. Use iftex instead.
) (d:/APP/TexLive/2020/texmf-dist/tex/latex/tools/multicol.sty
Package: multicol 2019/12/09 v1.8y multicolumn formatting (FMi)
\c@tracingmulticols=\count173
\mult@box=\box46
\multicol@leftmargin=\dimen140
\c@unbalance=\count174
\c@collectmore=\count175
\doublecol@number=\count176
\multicoltolerance=\count177
\multicolpretolerance=\count178
\full@width=\dimen141
\page@free=\dimen142
\premulticols=\dimen143
\postmulticols=\dimen144
\multicolsep=\skip58
\multicolbaselineskip=\skip59
\partial@page=\box47
\last@line=\box48
\maxbalancingoverflow=\dimen145
\mult@rightbox=\box49
\mult@grightbox=\box50
\mult@gfirstbox=\box51
\mult@firstbox=\box52
\@tempa=\box53
\@tempa=\box54
\@tempa=\box55
\@tempa=\box56
\@tempa=\box57
\@tempa=\box58
\@tempa=\box59
\@tempa=\box60
\@tempa=\box61
\@tempa=\box62
\@tempa=\box63
\@tempa=\box64
\@tempa=\box65
\@tempa=\box66
\@tempa=\box67
\@tempa=\box68
\@tempa=\box69
\@tempa=\box70
\@tempa=\box71
\@tempa=\box72
\@tempa=\box73
\@tempa=\box74
\@tempa=\box75
\@tempa=\box76
\@tempa=\box77
\@tempa=\box78
\@tempa=\box79
\@tempa=\box80
\@tempa=\box81
\@tempa=\box82
\@tempa=\box83
\@tempa=\box84
\@tempa=\box85
\@tempa=\box86
\@tempa=\box87
\@tempa=\box88
\@tempa=\box89
\c@minrows=\count179
\c@columnbadness=\count180
\c@finalcolumnbadness=\count181
\last@try=\dimen146
\multicolovershoot=\dimen147
\multicolundershoot=\dimen148
\mult@nat@firstbox=\box90
\colbreak@box=\box91
\mc@col@check@num=\count182
))
\Science@idxfile=\write3
\openout3 = `Science.idx'.


Writing index file Science.idx
(d:/APP/TexLive/2020/texmf-dist/tex/latex/geometry/geometry.sty
Package: geometry 2020/01/02 v5.9 Page Geometry
 (d:/APP/TexLive/2020/texmf-dist/tex/generic/iftex/ifvtex.sty
Package: ifvtex 2019/10/25 v1.7 ifvtex legacy package. Use iftex instead.
)
\Gm@cnth=\count183
\Gm@cntv=\count184
\c@Gm@tempcnt=\count185
\Gm@bindingoffset=\dimen149
\Gm@wd@mp=\dimen150
\Gm@odd@mp=\dimen151
\Gm@even@mp=\dimen152
\Gm@layoutwidth=\dimen153
\Gm@layoutheight=\dimen154
\Gm@layouthoffset=\dimen155
\Gm@layoutvoffset=\dimen156
\Gm@dimlist=\toks18
) (d:/APP/TexLive/2020/texmf-dist/tex/latex/pdflscape/pdflscape.sty
Package: pdflscape 2019/12/05 v0.12 Display of landscape pages in PDF (HO)
 (d:/APP/TexLive/2020/texmf-dist/tex/latex/graphics/lscape.sty
Package: lscape 2000/10/22 v3.01 Landscape Pages (DPC)
 (d:/APP/TexLive/2020/texmf-dist/tex/latex/graphics/graphics.sty
Package: graphics 2019/11/30 v1.4a Standard LaTeX Graphics (DPC,SPQR)
 (d:/APP/TexLive/2020/texmf-dist/tex/latex/graphics/trig.sty
Package: trig 2016/01/03 v1.10 sin cos tan (DPC)
) (d:/APP/TexLive/2020/texmf-dist/tex/latex/graphics-cfg/graphics.cfg
File: graphics.cfg 2016/06/04 v1.11 sample graphics configuration
)
Package graphics Info: Driver file: xetex.def on input line 105.
 (d:/APP/TexLive/2020/texmf-dist/tex/latex/graphics-def/xetex.def
File: xetex.def 2017/06/24 v5.0h Graphics/color driver for xetex
)))
Package pdflscape Info: Auto-detected driver: dvipdfm (xetex) on input line 98.
 (d:/APP/TexLive/2020/texmf-dist/tex/generic/atbegshi/atbegshi.sty
Package: atbegshi 2019/12/05 v1.19 At begin shipout hook (HO)
 (d:/APP/TexLive/2020/texmf-dist/tex/generic/infwarerr/infwarerr.sty
Package: infwarerr 2019/12/03 v1.5 Providing info/warning/error messages (HO)
) (d:/APP/TexLive/2020/texmf-dist/tex/generic/ltxcmds/ltxcmds.sty
Package: ltxcmds 2019/12/15 v1.24 LaTeX kernel commands for general use (HO)
))) (d:/APP/TexLive/2020/texmf-dist/tex/latex/ragged2e/ragged2e.sty
Package: ragged2e 2019/07/28 v2.2 ragged2e Package (MS)
 (d:/APP/TexLive/2020/texmf-dist/tex/latex/ms/everysel.sty
Package: everysel 2011/10/28 v1.2 EverySelectfont Package (MS)
)
\CenteringLeftskip=\skip60
\RaggedLeftLeftskip=\skip61
\RaggedRightLeftskip=\skip62
\CenteringRightskip=\skip63
\RaggedLeftRightskip=\skip64
\RaggedRightRightskip=\skip65
\CenteringParfillskip=\skip66
\RaggedLeftParfillskip=\skip67
\RaggedRightParfillskip=\skip68
\JustifyingParfillskip=\skip69
\CenteringParindent=\skip70
\RaggedLeftParindent=\skip71
\RaggedRightParindent=\skip72
\JustifyingParindent=\skip73
) (d:/APP/TexLive/2020/texmf-dist/tex/latex/tools/indentfirst.sty
Package: indentfirst 1995/11/23 v1.03 Indent first paragraph (DPC)
) (d:/APP/TexLive/2020/texmf-dist/tex/latex/fancyhdr/fancyhdr.sty
Package: fancyhdr 2019/01/31 v3.10 Extensive control of page headers and footers
\f@nch@headwidth=\skip74
\f@nch@O@elh=\skip75
\f@nch@O@erh=\skip76
\f@nch@O@olh=\skip77
\f@nch@O@orh=\skip78
\f@nch@O@elf=\skip79
\f@nch@O@erf=\skip80
\f@nch@O@olf=\skip81
\f@nch@O@orf=\skip82
) (d:/APP/TexLive/2020/texmf-dist/tex/latex/polyglossia/polyglossia.sty
Package: polyglossia 2020/03/25 v1.48 Modern multilingual typesetting with XeLaTeX and LuaLaTeX
 (d:/APP/TexLive/2020/texmf-dist/tex/latex/etoolbox/etoolbox.sty
Package: etoolbox 2019/09/21 v2.5h e-TeX tools for LaTeX (JAW)
\etb@tempcnta=\count186
) (d:/APP/TexLive/2020/texmf-dist/tex/latex/makecmds/makecmds.sty
Package: makecmds 2009/09/03 v1.0a extra command making commands
) (d:/APP/TexLive/2020/texmf-dist/tex/latex/fontspec/fontspec.sty (d:/APP/TexLive/2020/texmf-dist/tex/latex/l3packages/xparse/xparse.sty (d:/APP/TexLive/2020/texmf-dist/tex/latex/l3kernel/expl3.sty
Package: expl3 2020-03-06 L3 programming layer (loader) 
 (d:/APP/TexLive/2020/texmf-dist/tex/latex/l3backend/l3backend-xdvipdfmx.def
File: l3backend-xdvipdfmx.def 2020-03-12 L3 backend support: xdvipdfmx
\g__graphics_track_int=\count187
\l__pdf_internal_box=\box92
\g__pdf_backend_object_int=\count188
\g__pdf_backend_annotation_int=\count189
))
Package: xparse 2020-03-06 L3 Experimental document command parser
\l__xparse_current_arg_int=\count190
\g__xparse_grabber_int=\count191
\l__xparse_m_args_int=\count192
\l__xparse_v_nesting_int=\count193
)
Package: fontspec 2020/02/21 v2.7i Font selection for XeLaTeX and LuaLaTeX
 (d:/APP/TexLive/2020/texmf-dist/tex/latex/fontspec/fontspec-xetex.sty
Package: fontspec-xetex 2020/02/21 v2.7i Font selection for XeLaTeX and LuaLaTeX
\l__fontspec_script_int=\count194
\l__fontspec_language_int=\count195
\l__fontspec_strnum_int=\count196
\l__fontspec_tmp_int=\count197
\l__fontspec_tmpa_int=\count198
\l__fontspec_tmpb_int=\count199
\l__fontspec_tmpc_int=\count266
\l__fontspec_em_int=\count267
\l__fontspec_emdef_int=\count268
\l__fontspec_strong_int=\count269
\l__fontspec_strongdef_int=\count270
\l__fontspec_tmpa_dim=\dimen157
\l__fontspec_tmpb_dim=\dimen158
\l__fontspec_tmpc_dim=\dimen159
 (d:/APP/TexLive/2020/texmf-dist/tex/latex/base/fontenc.sty
Package: fontenc 2020/02/11 v2.0o Standard LaTeX package
) (d:/APP/TexLive/2020/texmf-dist/tex/latex/fontspec/fontspec.cfg))) (d:/APP/TexLive/2020/texmf-dist/tex/latex/l3packages/l3keys2e/l3keys2e.sty
Package: l3keys2e 2020-03-06 LaTeX2e option processing using LaTeX3 keys
) (d:/APP/TexLive/2020/texmf-dist/tex/latex/filehook/filehook.sty
Package: filehook 2020/02/03 v0.7 Hooks for input files
)
\xpg@normalclass=\XeTeXcharclass1
 (d:/APP/TexLive/2020/texmf-dist/tex/latex/polyglossia/gloss-latex.ldf
File: gloss-latex.ldf polyglossia: module for default language
The property list \polyglossia@langsetup contains the pairs (without outer
braces):
>  {latex/script}  =>  {latin}
>  {latex/lcscript}  =>  {latin}
>  {latex/scripttag}  =>  {}
>  {latex/language}  =>  {Latex}
>  {latex/langtag}  =>  {ENG}
>  {latex/bcp47}  =>  {}
>  {latex/hyphennames}  =>  {english}
>  {latex/direction}  =>  {LR}
>  {latex/hyphenmins}  =>  {2,3}
>  {latex/frenchspacing}  =>  {false}
>  {latex/indentfirst}  =>  {false}
>  {latex/fontsetup}  =>  {true}
>  {latex/envname}  =>  {latex}
>  {latex/babelname}  =>  {latex}
>  {latex/localnumeral}  =>  {polyglossia@C@localnumeral}
>  {latex/Localnumeral}  =>  {polyglossia@C@localnumeral}.
)
Package polyglossia Info: Default language is latex.
) (d:/APP/TexLive/2020/texmf-dist/tex/xelatex/xecjk/xeCJK.sty
Package: xeCJK 2020/02/18 v3.8.2 Typesetting CJK scripts with XeLaTeX
 (d:/APP/TexLive/2020/texmf-dist/tex/latex/l3packages/xtemplate/xtemplate.sty
Package: xtemplate 2020-03-06 L3 Experimental prototype document functions
\l__xtemplate_tmp_dim=\dimen160
\l__xtemplate_tmp_int=\count271
\l__xtemplate_tmp_muskip=\muskip16
\l__xtemplate_tmp_skip=\skip83
)
\l__xeCJK_tmp_int=\count272
\l__xeCJK_tmp_box=\box93
\l__xeCJK_tmp_dim=\dimen161
\l__xeCJK_tmp_skip=\skip84
\g__xeCJK_space_factor_int=\count273
\l__xeCJK_begin_int=\count274
\l__xeCJK_end_int=\count275
\c__xeCJK_CJK_class_int=\XeTeXcharclass2
\c__xeCJK_FullLeft_class_int=\XeTeXcharclass3
\c__xeCJK_FullRight_class_int=\XeTeXcharclass4
\c__xeCJK_HalfLeft_class_int=\XeTeXcharclass5
\c__xeCJK_HalfRight_class_int=\XeTeXcharclass6
\c__xeCJK_NormalSpace_class_int=\XeTeXcharclass7
\c__xeCJK_CM_class_int=\XeTeXcharclass8
\c__xeCJK_HangulJamo_class_int=\XeTeXcharclass9
\l__xeCJK_last_skip=\skip85
\g__xeCJK_node_int=\count276
\c__xeCJK_CJK_node_dim=\dimen162
\c__xeCJK_CJK-space_node_dim=\dimen163
\c__xeCJK_default_node_dim=\dimen164
\c__xeCJK_default-space_node_dim=\dimen165
\c__xeCJK_CJK-widow_node_dim=\dimen166
\c__xeCJK_normalspace_node_dim=\dimen167
\l__xeCJK_ccglue_skip=\skip86
\l__xeCJK_ecglue_skip=\skip87
\l__xeCJK_punct_kern_skip=\skip88
\l__xeCJK_last_penalty_int=\count277
\l__xeCJK_last_bound_dim=\dimen168
\l__xeCJK_last_kern_dim=\dimen169
\l__xeCJK_widow_penalty_int=\count278

Package xtemplate Info: Declaring object type 'xeCJK/punctuation' taking 0
(xtemplate)             argument(s) on line 2302.

\l__xeCJK_fixed_punct_width_dim=\dimen170
\l__xeCJK_mixed_punct_width_dim=\dimen171
\l__xeCJK_middle_punct_width_dim=\dimen172
\l__xeCJK_fixed_margin_width_dim=\dimen173
\l__xeCJK_mixed_margin_width_dim=\dimen174
\l__xeCJK_middle_margin_width_dim=\dimen175
\l__xeCJK_bound_punct_width_dim=\dimen176
\l__xeCJK_bound_margin_width_dim=\dimen177
\l__xeCJK_margin_minimum_dim=\dimen178
\l__xeCJK_kerning_total_width_dim=\dimen179
\l__xeCJK_same_align_margin_dim=\dimen180
\l__xeCJK_different_align_margin_dim=\dimen181
\l__xeCJK_kerning_margin_width_dim=\dimen182
\l__xeCJK_kerning_margin_minimum_dim=\dimen183
\l__xeCJK_bound_dim=\dimen184
\l__xeCJK_reverse_bound_dim=\dimen185
\l__xeCJK_margin_dim=\dimen186
\l__xeCJK_minimum_bound_dim=\dimen187
\l__xeCJK_kerning_margin_dim=\dimen188
\g__xeCJK_family_int=\count279
\l__xeCJK_fam_int=\count280
\g__xeCJK_fam_allocation_int=\count281
\l__xeCJK_verb_case_int=\count282
\l__xeCJK_verb_exspace_skip=\skip89
 (d:/APP/TexLive/2020/texmf-dist/tex/xelatex/xecjk/xeCJK.cfg
File: xeCJK.cfg 2020/02/18 v3.8.2 Configuration file for xeCJK package
))

Package fontspec Info: Font family 'TimesNewRoman(0)' created for font 'Times
(fontspec)             New Roman' with options [Ligatures=TeX].
(fontspec)              
(fontspec)              This font family consists of the following NFSS
(fontspec)             series/shapes:
(fontspec)              
(fontspec)             - 'normal' (m/n) with NFSS spec.: <->"Times New
(fontspec)             Roman/OT:script=latn;language=dflt;mapping=tex-text;"
(fontspec)             - 'small caps'  (m/sc) with NFSS spec.: <->"Times New
(fontspec)             Roman/OT:script=latn;language=dflt;+smcp;mapping=tex-text;"
(fontspec)             - 'bold' (b/n) with NFSS spec.: <->"Times New
(fontspec)             Roman/B/OT:script=latn;language=dflt;mapping=tex-text;"
(fontspec)             - 'bold small caps'  (b/sc) with NFSS spec.: <->"Times
(fontspec)             New
(fontspec)             Roman/B/OT:script=latn;language=dflt;+smcp;mapping=tex-text;"
(fontspec)             - 'italic' (m/it) with NFSS spec.: <->"Times New
(fontspec)             Roman/I/OT:script=latn;language=dflt;mapping=tex-text;"
(fontspec)             - 'italic small caps'  (m/scit) with NFSS spec.:
(fontspec)             <->"Times New
(fontspec)             Roman/I/OT:script=latn;language=dflt;+smcp;mapping=tex-text;"
(fontspec)             - 'bold italic' (b/it) with NFSS spec.: <->"Times New
(fontspec)             Roman/BI/OT:script=latn;language=dflt;mapping=tex-text;"
(fontspec)             - 'bold italic small caps'  (b/scit) with NFSS spec.:
(fontspec)             <->"Times New
(fontspec)             Roman/BI/OT:script=latn;language=dflt;+smcp;mapping=tex-text;"


Package fontspec Info: Could not resolve font "SimSun/BI" (it probably doesn't
(fontspec)             exist).


Package fontspec Info: Could not resolve font "SimSun/B" (it probably doesn't
(fontspec)             exist).


Package fontspec Info: Could not resolve font "SimSun/I" (it probably doesn't
(fontspec)             exist).


Package fontspec Info: Font family 'SimSun(0)' created for font 'SimSun' with
(fontspec)             options [Script={CJK}].
(fontspec)              
(fontspec)              This font family consists of the following NFSS
(fontspec)             series/shapes:
(fontspec)              
(fontspec)             - 'normal' (m/n) with NFSS spec.:
(fontspec)             <->"SimSun/OT:script=hani;language=dflt;"
(fontspec)             - 'small caps'  (m/sc) with NFSS spec.: 

 (d:/APP/TexLive/2020/texmf-dist/tex/latex/supertabular/supertabular.sty
Package: supertabular 2020/02/02 v4.1g the supertabular environment
\c@tracingst=\count283
\ST@wd=\dimen189
\ST@rightskip=\skip90
\ST@leftskip=\skip91
\ST@parfillskip=\skip92
\ST@pageleft=\dimen190
\ST@headht=\dimen191
\ST@tailht=\dimen192
\ST@pagesofar=\dimen193
\ST@pboxht=\dimen194
\ST@lineht=\dimen195
\ST@prevht=\dimen196
\ST@toadd=\dimen197
\ST@dimen=\dimen198
\ST@pbox=\box94
) (d:/APP/TexLive/2020/texmf-dist/tex/latex/tools/tabularx.sty
Package: tabularx 2020/01/15 v2.11c `tabularx' package (DPC)
 (d:/APP/TexLive/2020/texmf-dist/tex/latex/tools/array.sty
Package: array 2019/08/31 v2.4l Tabular extension package (FMi)
\col@sep=\dimen199
\ar@mcellbox=\box95
\extrarowheight=\dimen256
\NC@list=\toks19
\extratabsurround=\skip93
\backup@length=\skip94
\ar@cellbox=\box96
)
\TX@col@width=\dimen257
\TX@old@table=\dimen258
\TX@old@col=\dimen259
\TX@target=\dimen260
\TX@delta=\dimen261
\TX@cols=\count284
\TX@ftn=\toks20
) (d:/APP/TexLive/2020/texmf-dist/tex/latex/tools/longtable.sty
Package: longtable 2020/01/07 v4.13 Multi-page Table package (DPC)
\LTleft=\skip95
\LTright=\skip96
\LTpre=\skip97
\LTpost=\skip98
\LTchunksize=\count285
\LTcapwidth=\dimen262
\LT@head=\box97
\LT@firsthead=\box98
\LT@foot=\box99
\LT@lastfoot=\box100
\LT@cols=\count286
\LT@rows=\count287
\c@LT@tables=\count288
\c@LT@chunks=\count289
\LT@p@ftn=\toks21
) (d:/APP/TexLive/2020/texmf-dist/tex/latex/tabu/tabu.sty
Package: tabu 2019/01/11 v2.9 - flexible LaTeX tabulars (FC+tabu-fixed)
 (d:/APP/TexLive/2020/texmf-dist/tex/latex/varwidth/varwidth.sty
Package: varwidth 2009/03/30 ver 0.92;  Variable-width minipages
\@vwid@box=\box101
\sift@deathcycles=\count290
\@vwid@loff=\dimen263
\@vwid@roff=\dimen264
)
\c@taburow=\count291
\tabu@nbcols=\count292
\tabu@cnt=\count293
\tabu@Xcol=\count294
\tabu@alloc=\count295
\tabu@nested=\count296
\tabu@target=\dimen265
\tabu@spreadtarget=\dimen266
\tabu@naturalX=\dimen267
\tabucolX=\dimen268
\tabu@Xsum=\dimen269
\extrarowdepth=\dimen270
\abovetabulinesep=\dimen271
\belowtabulinesep=\dimen272
\tabustrutrule=\dimen273
\tabu@thebody=\toks22
\tabu@footnotes=\toks23
\tabu@box=\box102
\tabu@arstrutbox=\box103
\tabu@hleads=\box104
\tabu@vleads=\box105
\tabu@cellskip=\skip99
) (d:/APP/TexLive/2020/texmf-dist/tex/latex/booktabs/booktabs.sty
Package: booktabs 2020/01/12 v1.61803398 Publication quality tables
\heavyrulewidth=\dimen274
\lightrulewidth=\dimen275
\cmidrulewidth=\dimen276
\belowrulesep=\dimen277
\belowbottomsep=\dimen278
\aboverulesep=\dimen279
\abovetopsep=\dimen280
\cmidrulesep=\dimen281
\cmidrulekern=\dimen282
\defaultaddspace=\dimen283
\@cmidla=\count297
\@cmidlb=\count298
\@aboverulesep=\dimen284
\@belowrulesep=\dimen285
\@thisruleclass=\count299
\@lastruleclass=\count300
\@thisrulewidth=\dimen286
) (d:/APP/TexLive/2020/texmf-dist/tex/latex/makecell/makecell.sty
Package: makecell 2009/08/03 V0.1e Managing of Tab Column Heads and Cells
\rotheadsize=\dimen287
\c@nlinenum=\count301
\TeXr@lab=\toks24
) (d:/APP/TexLive/2020/texmf-dist/tex/latex/multirow/multirow.sty
Package: multirow 2019/05/31 v2.5 Span multiple rows of a table
\multirow@colwidth=\skip100
\multirow@cntb=\count302
\multirow@dima=\skip101
\bigstrutjot=\dimen288
) (d:/APP/TexLive/2020/texmf-dist/tex/latex/caption/caption.sty
Package: caption 2020/01/03 v3.4h Customizing captions (AR)
 (d:/APP/TexLive/2020/texmf-dist/tex/latex/caption/caption3.sty
Package: caption3 2020/01/03 v1.8h caption3 kernel (AR)
Package caption3 Info: TeX engine: e-TeX on input line 61.
\captionmargin=\dimen289
\captionmargin@=\dimen290
\captionwidth=\dimen291
\caption@tempdima=\dimen292
\caption@indent=\dimen293
\caption@parindent=\dimen294
\caption@hangindent=\dimen295
Package caption Info: Standard document class detected.
)
\c@caption@flags=\count303
\c@continuedfloat=\count304
Package caption Info: longtable package is loaded.
 (d:/APP/TexLive/2020/texmf-dist/tex/latex/caption/ltcaption.sty
Package: ltcaption 2018/08/26 v1.4a longtable captions (AR)
)
Package caption Info: supertabular package is loaded.
) (d:/APP/TexLive/2020/texmf-dist/tex/latex/tools/enumerate.sty
Package: enumerate 2015/07/23 v3.00 enumerate extensions (DPC)
\@enLab=\toks25
) (d:/APP/TexLive/2020/texmf-dist/tex/latex/enumitem/enumitem.sty
Package: enumitem 2019/06/20 v3.9 Customized lists
\enitkv@toks@=\toks26
\labelindent=\skip102
\enit@outerparindent=\dimen296
\enit@toks=\toks27
\enit@inbox=\box106
\enit@count@id=\count305
\enitdp@description=\count306
) (d:/APP/TexLive/2020/texmf-dist/tex/latex/amsmath/amsmath.sty
Package: amsmath 2020/01/20 v2.17e AMS math features
\@mathmargin=\skip103

For additional information on amsmath, use the `?' option.
(d:/APP/TexLive/2020/texmf-dist/tex/latex/amsmath/amstext.sty
Package: amstext 2000/06/29 v2.01 AMS text
 (d:/APP/TexLive/2020/texmf-dist/tex/latex/amsmath/amsgen.sty
File: amsgen.sty 1999/11/30 v2.0 generic functions
\@emptytoks=\toks28
\ex@=\dimen297
)) (d:/APP/TexLive/2020/texmf-dist/tex/latex/amsmath/amsbsy.sty
Package: amsbsy 1999/11/29 v1.2d Bold Symbols
\pmbraise@=\dimen298
) (d:/APP/TexLive/2020/texmf-dist/tex/latex/amsmath/amsopn.sty
Package: amsopn 2016/03/08 v2.02 operator names
)
\inf@bad=\count307
LaTeX Info: Redefining \frac on input line 227.
\uproot@=\count308
\leftroot@=\count309
LaTeX Info: Redefining \overline on input line 389.
\classnum@=\count310
\DOTSCASE@=\count311
LaTeX Info: Redefining \ldots on input line 486.
LaTeX Info: Redefining \dots on input line 489.
LaTeX Info: Redefining \cdots on input line 610.
\Mathstrutbox@=\box107
\strutbox@=\box108
\big@size=\dimen299
LaTeX Font Info:    Redeclaring font encoding OML on input line 733.
LaTeX Font Info:    Redeclaring font encoding OMS on input line 734.
\macc@depth=\count312
\c@MaxMatrixCols=\count313
\dotsspace@=\muskip17
\c@parentequation=\count314
\dspbrk@lvl=\count315
\tag@help=\toks29
\row@=\count316
\column@=\count317
\maxfields@=\count318
\andhelp@=\toks30
\eqnshift@=\dimen300
\alignsep@=\dimen301
\tagshift@=\dimen302
\tagwidth@=\dimen303
\totwidth@=\dimen304
\lineht@=\dimen305
\@envbody=\toks31
\multlinegap=\skip104
\multlinetaggap=\skip105
\mathdisplay@stack=\toks32
LaTeX Info: Redefining \[ on input line 2859.
LaTeX Info: Redefining \] on input line 2860.
) (d:/APP/TexLive/2020/texmf-dist/tex/latex/paralist/paralist.sty
Package: paralist 2017/01/22 v2.7 Extended list environments
\pltopsep=\skip106
\plpartopsep=\skip107
\plitemsep=\skip108
\plparsep=\skip109
\pl@lab=\toks33
) (d:/APP/TexLive/2020/texmf-dist/tex/latex/tools/bm.sty
Package: bm 2019/07/24 v1.2d Bold Symbol Support (DPC/FMi)
\symboldoperators=\mathgroup4
\symboldletters=\mathgroup5
\symboldsymbols=\mathgroup6
LaTeX Font Info:    Redeclaring math alphabet \mathbf on input line 141.
LaTeX Info: Redefining \bm on input line 209.
) (d:/APP/TexLive/2020/texmf-dist/tex/latex/bbm-macros/bbm.sty
Package: bbm 1999/03/15 V 1.2 provides fonts for set symbols - TH
LaTeX Font Info:    Overwriting math alphabet `\mathbbm' in version `bold'
(Font)                  U/bbm/m/n --> U/bbm/bx/n on input line 33.
LaTeX Font Info:    Overwriting math alphabet `\mathbbmss' in version `bold'
(Font)                  U/bbmss/m/n --> U/bbmss/bx/n on input line 35.
) (d:/APP/TexLive/2020/texmf-dist/tex/latex/amsfonts/amsfonts.sty
Package: amsfonts 2013/01/14 v3.01 Basic AMSFonts support
\symAMSa=\mathgroup7
\symAMSb=\mathgroup8
LaTeX Font Info:    Redeclaring math symbol \hbar on input line 98.
LaTeX Font Info:    Overwriting math alphabet `\mathfrak' in version `bold'
(Font)                  U/euf/m/n --> U/euf/b/n on input line 106.
) (d:/APP/TexLive/2020/texmf-dist/tex/latex/amsfonts/amssymb.sty
Package: amssymb 2013/01/14 v3.01 AMS font symbols
) (d:/APP/TexLive/2020/texmf-dist/tex/latex/breqn/breqn.sty
Package: breqn 2020/02/18 v0.98i Breaking equations
 (d:/APP/TexLive/2020/texmf-dist/tex/latex/graphics/graphicx.sty
Package: graphicx 2019/11/30 v1.2a Enhanced LaTeX Graphics (DPC,SPQR)
\Gin@req@height=\dimen306
\Gin@req@width=\dimen307
) (d:/APP/TexLive/2020/texmf-dist/tex/latex/breqn/flexisym.sty
Package: flexisym 2020/02/18 v0.98i Make math characters macros
LaTeX Info: Redefining \textprime on input line 298.
LaTeX Info: Redefining \not on input line 356.
 (d:/APP/TexLive/2020/texmf-dist/tex/latex/breqn/cmbase.sym
File: cmbase.sym 2007/12/19 v0.92
LaTeX Info: Redefining \hbar on input line 323.
LaTeX Info: Redefining \surd on input line 325.
LaTeX Info: Redefining \angle on input line 333.
LaTeX Info: Redefining \neq on input line 334.
LaTeX Info: Redefining \mapsto on input line 335.
LaTeX Info: Redefining \cong on input line 336.
LaTeX Info: Redefining \notin on input line 339.
LaTeX Info: Redefining \rightleftharpoons on input line 340.
LaTeX Info: Redefining \doteq on input line 341.
LaTeX Info: Redefining \hookrightarrow on input line 342.
LaTeX Info: Redefining \hookleftarrow on input line 343.
LaTeX Info: Redefining \bowtie on input line 344.
LaTeX Info: Redefining \models on input line 345.
LaTeX Info: Redefining \Longrightarrow on input line 346.
LaTeX Info: Redefining \longrightarrow on input line 347.
LaTeX Info: Redefining \Longleftarrow on input line 348.
LaTeX Info: Redefining \longleftarrow on input line 349.
LaTeX Info: Redefining \longmapsto on input line 350.
LaTeX Info: Redefining \longleftrightarrow on input line 351.
LaTeX Info: Redefining \Longleftrightarrow on input line 352.
LaTeX Info: Redefining \cdots on input line 356.
LaTeX Info: Redefining \vdots on input line 359.
LaTeX Info: Redefining \ddots on input line 364.
) (d:/APP/TexLive/2020/texmf-dist/tex/latex/breqn/mathstyle.sty
Package: mathstyle 2020/02/18 v0.98i Tracking mathstyle implicitly
LaTeX Info: Redefining \displaystyle on input line 93.
LaTeX Info: Redefining \textstyle on input line 95.
LaTeX Info: Redefining \scriptstyle on input line 97.
LaTeX Info: Redefining \scriptscriptstyle on input line 99.
LaTeX Info: Redefining \genfrac on input line 145.
)) (d:/APP/TexLive/2020/texmf-dist/tex/latex/tools/calc.sty
Package: calc 2017/05/25 v4.3 Infix arithmetic (KKT,FJ)
\calc@Acount=\count319
\calc@Bcount=\count320
\calc@Adimen=\dimen308
\calc@Bdimen=\dimen309
\calc@Askip=\skip110
\calc@Bskip=\skip111
LaTeX Info: Redefining \setlength on input line 80.
LaTeX Info: Redefining \addtolength on input line 81.
\calc@Ccount=\count321
\calc@Cskip=\skip112
)
\inf@bad=\count322
\maxint=\count323
\listwidth=\dimen310
\eqnumsep=\dimen311
\eqmargin=\dimen312
\eqlinespacing=\skip113
\eqlineskip=\skip114
\eqlineskiplimit=\dimen313
\eqbinoffset=\muskip18
\eqdelimoffset=\muskip19
\eqindentstep=\dimen314
\eqstyle=\toks34
\eqbreakdepth=\count324
\eqinterlinepenalty=\count325
\intereqpenalty=\count326
\intereqskip=\skip115
\prerelpenalty=\count327
\prebinoppenalty=\count328
\Dmedmuskip=\muskip20
\Dthickmuskip=\muskip21
\eqleftskip=\skip116
\eqrightskip=\skip117
\eq@vspan=\skip118
\eq@binoffset=\muskip22
\EQ@box=\box109
\EQ@copy=\box110
\EQ@numbox=\box111
\eq@wdNum=\dimen315
\GRP@numbox=\box112
\grp@wdNum=\dimen316
\eq@lines=\count329
\eq@curline=\count330
\eq@badness=\count331
\EQ@vims=\count332
\eq@dp=\dimen317
\eq@wdL=\dimen318
\eq@wdT=\dimen319
\eq@wdMin=\dimen320
\grp@wdL=\dimen321
\grp@wdR=\dimen322
\grp@wdT=\dimen323
\eq@wdRmax=\dimen324
\eq@firstht=\dimen325
\eq@wdCond=\dimen326
\eq@indentstep=\dimen327
\eq@linewidth=\dimen328
\grp@linewidth=\dimen329
\eq@hshift=\dimen330
\eq@given@sidespace=\dimen331
\mathindent=\dimen332
\eq@final@linecount=\count333
\eq@wdR=\dimen333
\EQ@continue=\toks35
\lr@level=\count334
\GRP@queue=\toks36
\GRP@box=\box113
\GRP@wholebox=\box114
\darraycolsep=\skip119
\cur@row=\count335
\cur@col=\count336
\conditionsep=\skip120
) (d:/APP/TexLive/2020/texmf-dist/tex/latex/pgf/frontendlayer/tikz.sty (d:/APP/TexLive/2020/texmf-dist/tex/latex/pgf/basiclayer/pgf.sty (d:/APP/TexLive/2020/texmf-dist/tex/latex/pgf/utilities/pgfrcs.sty (d:/APP/TexLive/2020/texmf-dist/tex/generic/pgf/utilities/pgfutil-common.tex
\pgfutil@everybye=\toks37
\pgfutil@tempdima=\dimen334
\pgfutil@tempdimb=\dimen335
 (d:/APP/TexLive/2020/texmf-dist/tex/generic/pgf/utilities/pgfutil-common-lists.tex)) (d:/APP/TexLive/2020/texmf-dist/tex/generic/pgf/utilities/pgfutil-latex.def
\pgfutil@abb=\box115
 (d:/APP/TexLive/2020/texmf-dist/tex/latex/ms/everyshi.sty
Package: everyshi 2001/05/15 v3.00 EveryShipout Package (MS)
)) (d:/APP/TexLive/2020/texmf-dist/tex/generic/pgf/utilities/pgfrcs.code.tex (d:/APP/TexLive/2020/texmf-dist/tex/generic/pgf/pgf.revision.tex)
Package: pgfrcs 2020/01/08 v3.1.5b (3.1.5b)
))
Package: pgf 2020/01/08 v3.1.5b (3.1.5b)
 (d:/APP/TexLive/2020/texmf-dist/tex/latex/pgf/basiclayer/pgfcore.sty (d:/APP/TexLive/2020/texmf-dist/tex/latex/pgf/systemlayer/pgfsys.sty (d:/APP/TexLive/2020/texmf-dist/tex/generic/pgf/systemlayer/pgfsys.code.tex
Package: pgfsys 2020/01/08 v3.1.5b (3.1.5b)
 (d:/APP/TexLive/2020/texmf-dist/tex/generic/pgf/utilities/pgfkeys.code.tex
\pgfkeys@pathtoks=\toks38
\pgfkeys@temptoks=\toks39
 (d:/APP/TexLive/2020/texmf-dist/tex/generic/pgf/utilities/pgfkeysfiltered.code.tex
\pgfkeys@tmptoks=\toks40
))
\pgf@x=\dimen336
\pgf@y=\dimen337
\pgf@xa=\dimen338
\pgf@ya=\dimen339
\pgf@xb=\dimen340
\pgf@yb=\dimen341
\pgf@xc=\dimen342
\pgf@yc=\dimen343
\pgf@xd=\dimen344
\pgf@yd=\dimen345
\w@pgf@writea=\write4
\r@pgf@reada=\read2
\c@pgf@counta=\count337
\c@pgf@countb=\count338
\c@pgf@countc=\count339
\c@pgf@countd=\count340
\t@pgf@toka=\toks41
\t@pgf@tokb=\toks42
\t@pgf@tokc=\toks43
\pgf@sys@id@count=\count341
 (d:/APP/TexLive/2020/texmf-dist/tex/generic/pgf/systemlayer/pgf.cfg
File: pgf.cfg 2020/01/08 v3.1.5b (3.1.5b)
)
Driver file for pgf: pgfsys-xetex.def
 (d:/APP/TexLive/2020/texmf-dist/tex/generic/pgf/systemlayer/pgfsys-xetex.def
File: pgfsys-xetex.def 2020/01/08 v3.1.5b (3.1.5b)
 (d:/APP/TexLive/2020/texmf-dist/tex/generic/pgf/systemlayer/pgfsys-dvipdfmx.def
File: pgfsys-dvipdfmx.def 2020/01/08 v3.1.5b (3.1.5b)
 (d:/APP/TexLive/2020/texmf-dist/tex/generic/pgf/systemlayer/pgfsys-common-pdf.def
File: pgfsys-common-pdf.def 2020/01/08 v3.1.5b (3.1.5b)
)
\pgfsys@objnum=\count342
))) (d:/APP/TexLive/2020/texmf-dist/tex/generic/pgf/systemlayer/pgfsyssoftpath.code.tex
File: pgfsyssoftpath.code.tex 2020/01/08 v3.1.5b (3.1.5b)
\pgfsyssoftpath@smallbuffer@items=\count343
\pgfsyssoftpath@bigbuffer@items=\count344
) (d:/APP/TexLive/2020/texmf-dist/tex/generic/pgf/systemlayer/pgfsysprotocol.code.tex
File: pgfsysprotocol.code.tex 2020/01/08 v3.1.5b (3.1.5b)
)) (d:/APP/TexLive/2020/texmf-dist/tex/latex/xcolor/xcolor.sty
Package: xcolor 2016/05/11 v2.12 LaTeX color extensions (UK)
 (d:/APP/TexLive/2020/texmf-dist/tex/latex/graphics-cfg/color.cfg
File: color.cfg 2016/01/02 v1.6 sample color configuration
)
Package xcolor Info: Driver file: xetex.def on input line 225.
Package xcolor Info: Model `cmy' substituted by `cmy0' on input line 1348.
Package xcolor Info: Model `RGB' extended on input line 1364.
Package xcolor Info: Model `HTML' substituted by `rgb' on input line 1366.
Package xcolor Info: Model `Hsb' substituted by `hsb' on input line 1367.
Package xcolor Info: Model `tHsb' substituted by `hsb' on input line 1368.
Package xcolor Info: Model `HSB' substituted by `hsb' on input line 1369.
Package xcolor Info: Model `Gray' substituted by `gray' on input line 1370.
Package xcolor Info: Model `wave' substituted by `hsb' on input line 1371.
) (d:/APP/TexLive/2020/texmf-dist/tex/generic/pgf/basiclayer/pgfcore.code.tex
Package: pgfcore 2020/01/08 v3.1.5b (3.1.5b)
 (d:/APP/TexLive/2020/texmf-dist/tex/generic/pgf/math/pgfmath.code.tex (d:/APP/TexLive/2020/texmf-dist/tex/generic/pgf/math/pgfmathcalc.code.tex (d:/APP/TexLive/2020/texmf-dist/tex/generic/pgf/math/pgfmathutil.code.tex) (d:/APP/TexLive/2020/texmf-dist/tex/generic/pgf/math/pgfmathparser.code.tex
\pgfmath@dimen=\dimen346
\pgfmath@count=\count345
\pgfmath@box=\box116
\pgfmath@toks=\toks44
\pgfmath@stack@operand=\toks45
\pgfmath@stack@operation=\toks46
) (d:/APP/TexLive/2020/texmf-dist/tex/generic/pgf/math/pgfmathfunctions.code.tex (d:/APP/TexLive/2020/texmf-dist/tex/generic/pgf/math/pgfmathfunctions.basic.code.tex) (d:/APP/TexLive/2020/texmf-dist/tex/generic/pgf/math/pgfmathfunctions.trigonometric.code.tex) (d:/APP/TexLive/2020/texmf-dist/tex/generic/pgf/math/pgfmathfunctions.random.code.tex) (d:/APP/TexLive/2020/texmf-dist/tex/generic/pgf/math/pgfmathfunctions.comparison.code.tex) (d:/APP/TexLive/2020/texmf-dist/tex/generic/pgf/math/pgfmathfunctions.base.code.tex) (d:/APP/TexLive/2020/texmf-dist/tex/generic/pgf/math/pgfmathfunctions.round.code.tex) (d:/APP/TexLive/2020/texmf-dist/tex/generic/pgf/math/pgfmathfunctions.misc.code.tex) (d:/APP/TexLive/2020/texmf-dist/tex/generic/pgf/math/pgfmathfunctions.integerarithmetics.code.tex))) (d:/APP/TexLive/2020/texmf-dist/tex/generic/pgf/math/pgfmathfloat.code.tex
\c@pgfmathroundto@lastzeros=\count346
)) (d:/APP/TexLive/2020/texmf-dist/tex/generic/pgf/math/pgfint.code.tex) (d:/APP/TexLive/2020/texmf-dist/tex/generic/pgf/basiclayer/pgfcorepoints.code.tex
File: pgfcorepoints.code.tex 2020/01/08 v3.1.5b (3.1.5b)
\pgf@picminx=\dimen347
\pgf@picmaxx=\dimen348
\pgf@picminy=\dimen349
\pgf@picmaxy=\dimen350
\pgf@pathminx=\dimen351
\pgf@pathmaxx=\dimen352
\pgf@pathminy=\dimen353
\pgf@pathmaxy=\dimen354
\pgf@xx=\dimen355
\pgf@xy=\dimen356
\pgf@yx=\dimen357
\pgf@yy=\dimen358
\pgf@zx=\dimen359
\pgf@zy=\dimen360
) (d:/APP/TexLive/2020/texmf-dist/tex/generic/pgf/basiclayer/pgfcorepathconstruct.code.tex
File: pgfcorepathconstruct.code.tex 2020/01/08 v3.1.5b (3.1.5b)
\pgf@path@lastx=\dimen361
\pgf@path@lasty=\dimen362
) (d:/APP/TexLive/2020/texmf-dist/tex/generic/pgf/basiclayer/pgfcorepathusage.code.tex
File: pgfcorepathusage.code.tex 2020/01/08 v3.1.5b (3.1.5b)
\pgf@shorten@end@additional=\dimen363
\pgf@shorten@start@additional=\dimen364
) (d:/APP/TexLive/2020/texmf-dist/tex/generic/pgf/basiclayer/pgfcorescopes.code.tex
File: pgfcorescopes.code.tex 2020/01/08 v3.1.5b (3.1.5b)
\pgfpic=\box117
\pgf@hbox=\box118
\pgf@layerbox@main=\box119
\pgf@picture@serial@count=\count347
) (d:/APP/TexLive/2020/texmf-dist/tex/generic/pgf/basiclayer/pgfcoregraphicstate.code.tex
File: pgfcoregraphicstate.code.tex 2020/01/08 v3.1.5b (3.1.5b)
\pgflinewidth=\dimen365
) (d:/APP/TexLive/2020/texmf-dist/tex/generic/pgf/basiclayer/pgfcoretransformations.code.tex
File: pgfcoretransformations.code.tex 2020/01/08 v3.1.5b (3.1.5b)
\pgf@pt@x=\dimen366
\pgf@pt@y=\dimen367
\pgf@pt@temp=\dimen368
) (d:/APP/TexLive/2020/texmf-dist/tex/generic/pgf/basiclayer/pgfcorequick.code.tex
File: pgfcorequick.code.tex 2020/01/08 v3.1.5b (3.1.5b)
) (d:/APP/TexLive/2020/texmf-dist/tex/generic/pgf/basiclayer/pgfcoreobjects.code.tex
File: pgfcoreobjects.code.tex 2020/01/08 v3.1.5b (3.1.5b)
) (d:/APP/TexLive/2020/texmf-dist/tex/generic/pgf/basiclayer/pgfcorepathprocessing.code.tex
File: pgfcorepathprocessing.code.tex 2020/01/08 v3.1.5b (3.1.5b)
) (d:/APP/TexLive/2020/texmf-dist/tex/generic/pgf/basiclayer/pgfcorearrows.code.tex
File: pgfcorearrows.code.tex 2020/01/08 v3.1.5b (3.1.5b)
\pgfarrowsep=\dimen369
) (d:/APP/TexLive/2020/texmf-dist/tex/generic/pgf/basiclayer/pgfcoreshade.code.tex
File: pgfcoreshade.code.tex 2020/01/08 v3.1.5b (3.1.5b)
\pgf@max=\dimen370
\pgf@sys@shading@range@num=\count348
\pgf@shadingcount=\count349
) (d:/APP/TexLive/2020/texmf-dist/tex/generic/pgf/basiclayer/pgfcoreimage.code.tex
File: pgfcoreimage.code.tex 2020/01/08 v3.1.5b (3.1.5b)
 (d:/APP/TexLive/2020/texmf-dist/tex/generic/pgf/basiclayer/pgfcoreexternal.code.tex
File: pgfcoreexternal.code.tex 2020/01/08 v3.1.5b (3.1.5b)
\pgfexternal@startupbox=\box120
)) (d:/APP/TexLive/2020/texmf-dist/tex/generic/pgf/basiclayer/pgfcorelayers.code.tex
File: pgfcorelayers.code.tex 2020/01/08 v3.1.5b (3.1.5b)
) (d:/APP/TexLive/2020/texmf-dist/tex/generic/pgf/basiclayer/pgfcoretransparency.code.tex
File: pgfcoretransparency.code.tex 2020/01/08 v3.1.5b (3.1.5b)
) (d:/APP/TexLive/2020/texmf-dist/tex/generic/pgf/basiclayer/pgfcorepatterns.code.tex
File: pgfcorepatterns.code.tex 2020/01/08 v3.1.5b (3.1.5b)
) (d:/APP/TexLive/2020/texmf-dist/tex/generic/pgf/basiclayer/pgfcorerdf.code.tex
File: pgfcorerdf.code.tex 2020/01/08 v3.1.5b (3.1.5b)
))) (d:/APP/TexLive/2020/texmf-dist/tex/generic/pgf/modules/pgfmoduleshapes.code.tex
File: pgfmoduleshapes.code.tex 2020/01/08 v3.1.5b (3.1.5b)
\pgfnodeparttextbox=\box121
) (d:/APP/TexLive/2020/texmf-dist/tex/generic/pgf/modules/pgfmoduleplot.code.tex
File: pgfmoduleplot.code.tex 2020/01/08 v3.1.5b (3.1.5b)
) (d:/APP/TexLive/2020/texmf-dist/tex/latex/pgf/compatibility/pgfcomp-version-0-65.sty
Package: pgfcomp-version-0-65 2020/01/08 v3.1.5b (3.1.5b)
\pgf@nodesepstart=\dimen371
\pgf@nodesepend=\dimen372
) (d:/APP/TexLive/2020/texmf-dist/tex/latex/pgf/compatibility/pgfcomp-version-1-18.sty
Package: pgfcomp-version-1-18 2020/01/08 v3.1.5b (3.1.5b)
)) (d:/APP/TexLive/2020/texmf-dist/tex/latex/pgf/utilities/pgffor.sty (d:/APP/TexLive/2020/texmf-dist/tex/latex/pgf/utilities/pgfkeys.sty (d:/APP/TexLive/2020/texmf-dist/tex/generic/pgf/utilities/pgfkeys.code.tex)) (d:/APP/TexLive/2020/texmf-dist/tex/latex/pgf/math/pgfmath.sty (d:/APP/TexLive/2020/texmf-dist/tex/generic/pgf/math/pgfmath.code.tex)) (d:/APP/TexLive/2020/texmf-dist/tex/generic/pgf/utilities/pgffor.code.tex
Package: pgffor 2020/01/08 v3.1.5b (3.1.5b)
 (d:/APP/TexLive/2020/texmf-dist/tex/generic/pgf/math/pgfmath.code.tex)
\pgffor@iter=\dimen373
\pgffor@skip=\dimen374
\pgffor@stack=\toks47
\pgffor@toks=\toks48
)) (d:/APP/TexLive/2020/texmf-dist/tex/generic/pgf/frontendlayer/tikz/tikz.code.tex
Package: tikz 2020/01/08 v3.1.5b (3.1.5b)
 (d:/APP/TexLive/2020/texmf-dist/tex/generic/pgf/libraries/pgflibraryplothandlers.code.tex
File: pgflibraryplothandlers.code.tex 2020/01/08 v3.1.5b (3.1.5b)
\pgf@plot@mark@count=\count350
\pgfplotmarksize=\dimen375
)
\tikz@lastx=\dimen376
\tikz@lasty=\dimen377
\tikz@lastxsaved=\dimen378
\tikz@lastysaved=\dimen379
\tikz@lastmovetox=\dimen380
\tikz@lastmovetoy=\dimen381
\tikzleveldistance=\dimen382
\tikzsiblingdistance=\dimen383
\tikz@figbox=\box122
\tikz@figbox@bg=\box123
\tikz@tempbox=\box124
\tikz@tempbox@bg=\box125
\tikztreelevel=\count351
\tikznumberofchildren=\count352
\tikznumberofcurrentchild=\count353
\tikz@fig@count=\count354
 (d:/APP/TexLive/2020/texmf-dist/tex/generic/pgf/modules/pgfmodulematrix.code.tex
File: pgfmodulematrix.code.tex 2020/01/08 v3.1.5b (3.1.5b)
\pgfmatrixcurrentrow=\count355
\pgfmatrixcurrentcolumn=\count356
\pgf@matrix@numberofcolumns=\count357
)
\tikz@expandcount=\count358
 (d:/APP/TexLive/2020/texmf-dist/tex/generic/pgf/frontendlayer/tikz/libraries/tikzlibrarytopaths.code.tex
File: tikzlibrarytopaths.code.tex 2020/01/08 v3.1.5b (3.1.5b)
))) (d:/APP/TexLive/2020/texmf-dist/tex/generic/pgf/frontendlayer/tikz/libraries/tikzlibrarytrees.code.tex
File: tikzlibrarytrees.code.tex 2020/01/08 v3.1.5b (3.1.5b)
) (d:/APP/TexLive/2020/texmf-dist/tex/generic/pgf/frontendlayer/tikz/libraries/tikzlibrarycalc.code.tex
File: tikzlibrarycalc.code.tex 2020/01/08 v3.1.5b (3.1.5b)
) (d:/APP/TexLive/2020/texmf-dist/tex/generic/pgf/frontendlayer/tikz/libraries/tikzlibraryquotes.code.tex
File: tikzlibraryquotes.code.tex 2020/01/08 v3.1.5b (3.1.5b)
) (d:/APP/TexLive/2020/texmf-dist/tex/generic/pgf/frontendlayer/tikz/libraries/tikzlibraryangles.code.tex
File: tikzlibraryangles.code.tex 2020/01/08 v3.1.5b (3.1.5b)
) (d:/APP/TexLive/2020/texmf-dist/tex/generic/pgf/frontendlayer/tikz/libraries/tikzlibrarypatterns.code.tex
File: tikzlibrarypatterns.code.tex 2020/01/08 v3.1.5b (3.1.5b)
 (d:/APP/TexLive/2020/texmf-dist/tex/generic/pgf/libraries/pgflibrarypatterns.code.tex
File: pgflibrarypatterns.code.tex 2020/01/08 v3.1.5b (3.1.5b)
)) (d:/APP/TexLive/2020/texmf-dist/tex/generic/pgf/frontendlayer/tikz/libraries/datavisualization/tikzlibrarydatavisualization.code.tex
File: tikzlibrarydatavisualization.code.tex 2020/01/08 v3.1.5b (3.1.5b)
 (d:/APP/TexLive/2020/texmf-dist/tex/generic/pgf/modules/pgfmoduledatavisualization.code.tex
File: pgfmoduledatavisualization.code.tex 2020/01/08 v3.1.5b (3.1.5b)
 (d:/APP/TexLive/2020/texmf-dist/tex/generic/pgf/modules/pgfmoduleoo.code.tex
\pgfoo@objectcount=\count359
\pgfoothis@count=\count360
\pgfoo@toks=\toks49
) (d:/APP/TexLive/2020/texmf-dist/tex/generic/pgf/libraries/pgflibraryfpu.code.tex)
\pgf@lib@dv@cache@count=\count361
\pgf@lib@dv@cache@count=\count362
) (d:/APP/TexLive/2020/texmf-dist/tex/generic/pgf/frontendlayer/tikz/libraries/tikzlibrarybackgrounds.code.tex
File: tikzlibrarybackgrounds.code.tex 2020/01/08 v3.1.5b (3.1.5b)
\pgf@layerbox@background=\box126
\pgf@layerboxsaved@background=\box127
)
\tikzdvvisualizercounter=\count363
) (d:/APP/TexLive/2020/texmf-dist/tex/generic/pgf/frontendlayer/tikz/libraries/tikzlibraryarrows.code.tex
File: tikzlibraryarrows.code.tex 2020/01/08 v3.1.5b (3.1.5b)
 (d:/APP/TexLive/2020/texmf-dist/tex/generic/pgf/libraries/pgflibraryarrows.code.tex
File: pgflibraryarrows.code.tex 2020/01/08 v3.1.5b (3.1.5b)
\arrowsize=\dimen384
)) (d:/APP/TexLive/2020/texmf-dist/tex/generic/pgf/frontendlayer/tikz/libraries/tikzlibraryintersections.code.tex (d:/APP/TexLive/2020/texmf-dist/tex/generic/pgf/libraries/pgflibraryintersections.code.tex
\pgf@intersect@solutions=\count364
)) (d:/APP/TexLive/2020/texmf-dist/tex/generic/pgf/frontendlayer/tikz/libraries/graphs/tikzlibrarygraphs.code.tex
File: tikzlibrarygraphs.code.tex 2020/01/08 v3.1.5b (3.1.5b)
\tikz@lib@auto@number=\count365
\tikz@qnode@count=\count366
) (d:/APP/TexLive/2020/texmf-dist/tex/latex/tikz-cd/tikz-cd.sty
Package: tikz-cd 2018/11/19 v0.9f Commutative diagrams with TikZ
 (d:/APP/TexLive/2020/texmf-dist/tex/generic/tikz-cd/tikzlibrarycd.code.tex (d:/APP/TexLive/2020/texmf-dist/tex/generic/pgf/frontendlayer/tikz/libraries/tikzlibrarymatrix.code.tex
File: tikzlibrarymatrix.code.tex 2020/01/08 v3.1.5b (3.1.5b)
) (d:/APP/TexLive/2020/texmf-dist/tex/generic/pgf/libraries/pgflibraryarrows.meta.code.tex
File: pgflibraryarrows.meta.code.tex 2020/01/08 v3.1.5b (3.1.5b)
\pgfarrowinset=\dimen385
\pgfarrowlength=\dimen386
\pgfarrowwidth=\dimen387
\pgfarrowlinewidth=\dimen388
))) (d:/APP/TexLive/2020/texmf-dist/tex/generic/pgf/frontendlayer/tikz/libraries/tikzlibrarydecorations.pathmorphing.code.tex (d:/APP/TexLive/2020/texmf-dist/tex/generic/pgf/frontendlayer/tikz/libraries/tikzlibrarydecorations.code.tex (d:/APP/TexLive/2020/texmf-dist/tex/generic/pgf/modules/pgfmoduledecorations.code.tex
\pgfdecoratedcompleteddistance=\dimen389
\pgfdecoratedremainingdistance=\dimen390
\pgfdecoratedinputsegmentcompleteddistance=\dimen391
\pgfdecoratedinputsegmentremainingdistance=\dimen392
\pgf@decorate@distancetomove=\dimen393
\pgf@decorate@repeatstate=\count367
\pgfdecorationsegmentamplitude=\dimen394
\pgfdecorationsegmentlength=\dimen395
)
\tikz@lib@dec@box=\box128
) (d:/APP/TexLive/2020/texmf-dist/tex/generic/pgf/libraries/decorations/pgflibrarydecorations.pathmorphing.code.tex)) (d:/APP/TexLive/2020/texmf-dist/tex/latex/pgfplots/pgfplots.sty (d:/APP/TexLive/2020/texmf-dist/tex/generic/pgfplots/pgfplots.revision.tex)
Package: pgfplots 2020/02/29 v1.17 Data Visualization (1.17)
 (d:/APP/TexLive/2020/texmf-dist/tex/generic/pgfplots/pgfplots.code.tex (d:/APP/TexLive/2020/texmf-dist/tex/generic/pgfplots/pgfplotscore.code.tex
\t@pgfplots@toka=\toks50
\t@pgfplots@tokb=\toks51
\t@pgfplots@tokc=\toks52
\pgfplots@tmpa=\dimen396
\c@pgfplots@coordindex=\count368
\c@pgfplots@scanlineindex=\count369
 (d:/APP/TexLive/2020/texmf-dist/tex/generic/pgfplots/sys/pgfplotssysgeneric.code.tex)) (d:/APP/TexLive/2020/texmf-dist/tex/generic/pgfplots/libs/pgfplotslibrary.code.tex) (d:/APP/TexLive/2020/texmf-dist/tex/generic/pgfplots/oldpgfcompatib/pgfplotsoldpgfsupp_loader.code.tex) (d:/APP/TexLive/2020/texmf-dist/tex/generic/pgfplots/util/pgfplotsutil.code.tex (d:/APP/TexLive/2020/texmf-dist/tex/generic/pgfplots/liststructure/pgfplotsliststructure.code.tex) (d:/APP/TexLive/2020/texmf-dist/tex/generic/pgfplots/liststructure/pgfplotsliststructureext.code.tex) (d:/APP/TexLive/2020/texmf-dist/tex/generic/pgfplots/liststructure/pgfplotsarray.code.tex
\c@pgfplotsarray@tmp=\count370
) (d:/APP/TexLive/2020/texmf-dist/tex/generic/pgfplots/liststructure/pgfplotsmatrix.code.tex)
(d:/APP/TexLive/2020/texmf-dist/tex/generic/pgfplots/numtable/pgfplotstableshared.code.tex
\c@pgfplotstable@counta=\count371
\t@pgfplotstable@a=\toks53
) (d:/APP/TexLive/2020/texmf-dist/tex/generic/pgfplots/liststructure/pgfplotsdeque.code.tex) (d:/APP/TexLive/2020/texmf-dist/tex/generic/pgfplots/util/pgfplotsbinary.code.tex (d:/APP/TexLive/2020/texmf-dist/tex/generic/pgfplots/util/pgfplotsbinary.data.code.tex)) (d:/APP/TexLive/2020/texmf-dist/tex/generic/pgfplots/util/pgfplotsutil.verb.code.tex) (d:/APP/TexLive/2020/texmf-dist/tex/generic/pgfplots/libs/pgflibrarypgfplots.surfshading.code.tex
\c@pgfplotslibrarysurf@no=\count372
 (d:/APP/TexLive/2020/texmf-dist/tex/generic/pgfplots/sys/pgflibrarypgfplots.surfshading.pgfsys-xetex.def (d:/APP/TexLive/2020/texmf-dist/tex/generic/pgfplots/sys/pgflibrarypgfplots.surfshading.pgfsys-dvipdfmx.def
\c@pgfplotslibrarysurf@streamlen=\count373
)))) (d:/APP/TexLive/2020/texmf-dist/tex/generic/pgfplots/util/pgfplotscolormap.code.tex (d:/APP/TexLive/2020/texmf-dist/tex/generic/pgfplots/util/pgfplotscolor.code.tex)) (d:/APP/TexLive/2020/texmf-dist/tex/generic/pgfplots/pgfplotsstackedplots.code.tex) (d:/APP/TexLive/2020/texmf-dist/tex/generic/pgfplots/pgfplotsplothandlers.code.tex (d:/APP/TexLive/2020/texmf-dist/tex/generic/pgfplots/pgfplotsmeshplothandler.code.tex (d:/APP/TexLive/2020/texmf-dist/tex/generic/pgfplots/pgfplotsmeshplotimage.code.tex))) (d:/APP/TexLive/2020/texmf-dist/tex/generic/pgfplots/pgfplots.scaling.code.tex) (d:/APP/TexLive/2020/texmf-dist/tex/generic/pgfplots/pgfplotscoordprocessing.code.tex) (d:/APP/TexLive/2020/texmf-dist/tex/generic/pgfplots/pgfplots.errorbars.code.tex) (d:/APP/TexLive/2020/texmf-dist/tex/generic/pgfplots/pgfplots.markers.code.tex) (d:/APP/TexLive/2020/texmf-dist/tex/generic/pgfplots/pgfplotsticks.code.tex) (d:/APP/TexLive/2020/texmf-dist/tex/generic/pgfplots/pgfplots.paths.code.tex) (d:/APP/TexLive/2020/texmf-dist/tex/generic/pgf/frontendlayer/tikz/libraries/tikzlibrarydecorations.pathreplacing.code.tex (d:/APP/TexLive/2020/texmf-dist/tex/generic/pgf/libraries/decorations/pgflibrarydecorations.pathreplacing.code.tex))
\pgfplots@numplots=\count374
\pgfplots@xmin@reg=\dimen397
\pgfplots@xmax@reg=\dimen398
\pgfplots@ymin@reg=\dimen399
\pgfplots@ymax@reg=\dimen400
\pgfplots@zmin@reg=\dimen401
\pgfplots@zmax@reg=\dimen402
) (d:/APP/TexLive/2020/texmf-dist/tex/generic/pgf/frontendlayer/tikz/libraries/tikzlibraryplotmarks.code.tex
File: tikzlibraryplotmarks.code.tex 2020/01/08 v3.1.5b (3.1.5b)
 (d:/APP/TexLive/2020/texmf-dist/tex/generic/pgf/libraries/pgflibraryplotmarks.code.tex
File: pgflibraryplotmarks.code.tex 2020/01/08 v3.1.5b (3.1.5b)
))) (d:/APP/TexLive/2020/texmf-dist/tex/generic/pgfplots/libs/tikzlibrarypgfplots.groupplots.code.tex
\pgfplots@group@current@plot=\count375
\pgfplots@group@current@row=\count376
\pgfplots@group@current@column=\count377
) (d:/APP/TexLive/2020/texmf-dist/tex/latex/hyperref/hyperref.sty
Package: hyperref 2020/01/14 v7.00d Hypertext links for LaTeX
 (d:/APP/TexLive/2020/texmf-dist/tex/latex/pdftexcmds/pdftexcmds.sty
Package: pdftexcmds 2019/11/24 v0.31 Utility functions of pdfTeX for LuaTeX (HO)
Package pdftexcmds Info: \pdf@primitive is available.
Package pdftexcmds Info: \pdf@ifprimitive is available.
Package pdftexcmds Info: \pdfdraftmode not found.
) (d:/APP/TexLive/2020/texmf-dist/tex/generic/kvsetkeys/kvsetkeys.sty
Package: kvsetkeys 2019/12/15 v1.18 Key value parser (HO)
) (d:/APP/TexLive/2020/texmf-dist/tex/generic/kvdefinekeys/kvdefinekeys.sty
Package: kvdefinekeys 2019-12-19 v1.6 Define keys (HO)
) (d:/APP/TexLive/2020/texmf-dist/tex/generic/pdfescape/pdfescape.sty
Package: pdfescape 2019/12/09 v1.15 Implements pdfTeX's escape features (HO)
) (d:/APP/TexLive/2020/texmf-dist/tex/latex/hycolor/hycolor.sty
Package: hycolor 2020-01-27 v1.10 Color options for hyperref/bookmark (HO)
) (d:/APP/TexLive/2020/texmf-dist/tex/latex/letltxmacro/letltxmacro.sty
Package: letltxmacro 2019/12/03 v1.6 Let assignment for LaTeX macros (HO)
) (d:/APP/TexLive/2020/texmf-dist/tex/latex/auxhook/auxhook.sty
Package: auxhook 2019-12-17 v1.6 Hooks for auxiliary files (HO)
) (d:/APP/TexLive/2020/texmf-dist/tex/latex/kvoptions/kvoptions.sty
Package: kvoptions 2019/11/29 v3.13 Key value format for package options (HO)
)
\@linkdim=\dimen403
\Hy@linkcounter=\count378
\Hy@pagecounter=\count379
 (d:/APP/TexLive/2020/texmf-dist/tex/latex/hyperref/pd1enc.def
File: pd1enc.def 2020/01/14 v7.00d Hyperref: PDFDocEncoding definition (HO)
) (d:/APP/TexLive/2020/texmf-dist/tex/generic/intcalc/intcalc.sty
Package: intcalc 2019/12/15 v1.3 Expandable calculations with integers (HO)
) (d:/APP/TexLive/2020/texmf-dist/tex/generic/etexcmds/etexcmds.sty
Package: etexcmds 2019/12/15 v1.7 Avoid name clashes with e-TeX commands (HO)
)
\Hy@SavedSpaceFactor=\count380
Package hyperref Info: Option `breaklinks' set `true' on input line 4421.
Package hyperref Info: Option `colorlinks' set `true' on input line 4421.
Package hyperref Info: Hyper figures OFF on input line 4547.
Package hyperref Info: Link nesting OFF on input line 4552.
Package hyperref Info: Hyper index ON on input line 4555.
Package hyperref Info: Plain pages OFF on input line 4562.
Package hyperref Info: Backreferencing OFF on input line 4567.
Package hyperref Info: Implicit mode ON; LaTeX internals redefined.
Package hyperref Info: Bookmarks ON on input line 4800.
\c@Hy@tempcnt=\count381
 (d:/APP/TexLive/2020/texmf-dist/tex/latex/url/url.sty
\Urlmuskip=\muskip23
Package: url 2013/09/16  ver 3.4  Verb mode for urls, etc.
)
LaTeX Info: Redefining \url on input line 5159.
\XeTeXLinkMargin=\dimen404
 (d:/APP/TexLive/2020/texmf-dist/tex/generic/bitset/bitset.sty
Package: bitset 2019/12/09 v1.3 Handle bit-vector datatype (HO)
 (d:/APP/TexLive/2020/texmf-dist/tex/generic/bigintcalc/bigintcalc.sty
Package: bigintcalc 2019/12/15 v1.5 Expandable calculations on big integers (HO)
))
\Fld@menulength=\count382
\Field@Width=\dimen405
\Fld@charsize=\dimen406
Package hyperref Info: Hyper figures OFF on input line 6430.
Package hyperref Info: Link nesting OFF on input line 6435.
Package hyperref Info: Hyper index ON on input line 6438.
Package hyperref Info: backreferencing OFF on input line 6445.
Package hyperref Info: Link coloring ON on input line 6448.
Package hyperref Info: Link coloring with OCG OFF on input line 6455.
Package hyperref Info: PDF/A mode OFF on input line 6460.
LaTeX Info: Redefining \ref on input line 6500.
LaTeX Info: Redefining \pageref on input line 6504.
\Hy@abspage=\count383
\c@Item=\count384
\c@Hfootnote=\count385
)
Package hyperref Info: Driver (autodetected): hxetex.
 (d:/APP/TexLive/2020/texmf-dist/tex/latex/hyperref/hxetex.def
File: hxetex.def 2020/01/14 v7.00d Hyperref driver for XeTeX
 (d:/APP/TexLive/2020/texmf-dist/tex/latex/hyperref/puenc.def
File: puenc.def 2020/01/14 v7.00d Hyperref: PDF Unicode definition (HO)
) (d:/APP/TexLive/2020/texmf-dist/tex/generic/stringenc/stringenc.sty
Package: stringenc 2019/11/29 v1.12 Convert strings between diff. encodings (HO)
)
\pdfm@box=\box129
\c@Hy@AnnotLevel=\count386
\HyField@AnnotCount=\count387
\Fld@listcount=\count388
\c@bookmark@seq@number=\count389
 (d:/APP/TexLive/2020/texmf-dist/tex/latex/rerunfilecheck/rerunfilecheck.sty
Package: rerunfilecheck 2019/12/05 v1.9 Rerun checks for auxiliary files (HO)
 (d:/APP/TexLive/2020/texmf-dist/tex/latex/atveryend/atveryend.sty
Package: atveryend 2019-12-11 v1.11 Hooks at the very end of document (HO)
) (d:/APP/TexLive/2020/texmf-dist/tex/generic/uniquecounter/uniquecounter.sty
Package: uniquecounter 2019/12/15 v1.4 Provide unlimited unique counter (HO)
)
Package uniquecounter Info: New unique counter `rerunfilecheck' on input line 286.
)
\Hy@SectionHShift=\skip121
) (d:/APP/TexLive/2020/texmf-dist/tex/latex/tcolorbox/tcolorbox.sty
Package: tcolorbox 2019/11/15 version 4.22 text color boxes
 (d:/APP/TexLive/2020/texmf-dist/tex/latex/tools/verbatim.sty
Package: verbatim 2019/11/10 v1.5r LaTeX2e package for verbatim enhancements
\every@verbatim=\toks54
\verbatim@line=\toks55
\verbatim@in@stream=\read3
) (d:/APP/TexLive/2020/texmf-dist/tex/latex/environ/environ.sty
Package: environ 2014/05/04 v0.3 A new way to define environments
 (d:/APP/TexLive/2020/texmf-dist/tex/latex/trimspaces/trimspaces.sty
Package: trimspaces 2009/09/17 v1.1 Trim spaces around a token list
))
\tcb@titlebox=\box130
\tcb@upperbox=\box131
\tcb@lowerbox=\box132
\tcb@phantombox=\box133
\c@tcbbreakpart=\count390
\c@tcblayer=\count391
\tcolorbox@number=\count392
\tcb@temp=\box134
\tcb@temp=\box135
\tcb@temp=\box136
\tcb@temp=\box137
\tcb@out=\write5
\tcb@record@out=\write6
) (d:/APP/TexLive/2020/texmf-dist/tex/latex/ctex/ctex.sty
Package: ctex 2019/05/29 v2.4.16 Chinese adapter in LaTeX (CTEX)
 (d:/APP/TexLive/2020/texmf-dist/tex/latex/ctex/ctexhook.sty
Package: ctexhook 2019/05/29 v2.4.16 Document and package hooks (CTEX)
) (d:/APP/TexLive/2020/texmf-dist/tex/latex/ctex/ctexpatch.sty
Package: ctexpatch 2019/05/29 v2.4.16 Patching commands (CTEX)
) (d:/APP/TexLive/2020/texmf-dist/tex/latex/base/fix-cm.sty
Package: fix-cm 2015/01/14 v1.1t fixes to LaTeX
 (d:/APP/TexLive/2020/texmf-dist/tex/latex/base/ts1enc.def
File: ts1enc.def 2001/06/05 v3.0e (jk/car/fm) Standard LaTeX file
LaTeX Font Info:    Redeclaring font encoding TS1 on input line 47.
))
\l__ctex_tmp_int=\count393
\l__ctex_tmp_box=\box138
\l__ctex_tmp_dim=\dimen407
\g__ctex_section_depth_int=\count394
\g__ctex_font_size_int=\count395
 (d:/APP/TexLive/2020/texmf-dist/tex/latex/ctex/config/ctexopts.cfg
File: ctexopts.cfg 2019/05/29 v2.4.16 Option configuration file (CTEX)
) (d:/APP/TexLive/2020/texmf-dist/tex/latex/ctex/engine/ctex-engine-xetex.def
File: ctex-engine-xetex.def 2019/05/29 v2.4.16 XeLaTeX adapter (CTEX)
 (d:/APP/TexLive/2020/texmf-dist/tex/xelatex/xecjk/xeCJKfntef.sty
Package: xeCJKfntef 2020/02/18 v3.8.2 xeCJK font effect
 (d:/APP/TexLive/2020/texmf-dist/tex/generic/ulem/ulem.sty
\UL@box=\box139
\UL@hyphenbox=\box140
\UL@skip=\skip122
\UL@hook=\toks56
\UL@height=\dimen408
\UL@pe=\count396
\UL@pixel=\dimen409
\ULC@box=\box141
Package: ulem 2019/11/18
\ULdepth=\dimen410
)
\l__xeCJK_space_skip=\skip123
\c__xeCJK_ulem-begin_node_dim=\dimen411
\c__xeCJK_null_box=\box142
\l__xeCJK_fntef_box=\box143
\l__xeCJK_under_symbol_box=\box144
\c__xeCJK_filll_skip=\skip124
)
\ccwd=\dimen412
\l__ctex_ccglue_skip=\skip125
)
\l__ctex_ziju_dim=\dimen413
 (d:/APP/TexLive/2020/texmf-dist/tex/latex/zhnumber/zhnumber.sty
Package: zhnumber 2019/04/07 v2.7 Typesetting numbers with Chinese glyphs
\l__zhnum_scale_int=\count397
 (d:/APP/TexLive/2020/texmf-dist/tex/latex/zhnumber/zhnumber-utf8.cfg
File: zhnumber-utf8.cfg 2019/04/07 v2.7 Chinese numerals with UTF8 encoding
)) (d:/APP/TexLive/2020/texmf-dist/tex/latex/ctex/scheme/ctex-scheme-chinese.def
File: ctex-scheme-chinese.def 2019/05/29 v2.4.16 Chinese scheme for generic (CTEX)
 (d:/APP/TexLive/2020/texmf-dist/tex/latex/ctex/config/ctex-name-utf8.cfg
File: ctex-name-utf8.cfg 2019/05/29 v2.4.16 Caption with encoding UTF8 (CTEX)
)) (d:/APP/TexLive/2020/texmf-dist/tex/latex/ctex/fontset/ctex-fontset-windows.def
File: ctex-fontset-windows.def 2019/05/29 v2.4.16 Windows fonts definition (CTEX)
 (d:/APP/TexLive/2020/texmf-dist/tex/latex/ctex/fontset/ctex-fontset-windowsnew.def
File: ctex-fontset-windowsnew.def 2019/05/29 v2.4.16 Windows fonts definition for Vista or later version (CTEX)


Package xeCJK Warning: Redefining CJKfamily `\CJKrmdefault' (SimSun(0)).


Package fontspec Info: Could not resolve font "KaiTi/B" (it probably doesn't
(fontspec)             exist).


Package fontspec Info: Could not resolve font "SimHei/I" (it probably doesn't
(fontspec)             exist).


Package fontspec Info: Could not resolve font "SimSun/BI" (it probably doesn't
(fontspec)             exist).


Package fontspec Info: Font family 'SimSun(1)' created for font 'SimSun' with
(fontspec)             options
(fontspec)             [Script={CJK},BoldFont={SimHei},ItalicFont={KaiTi}].
(fontspec)              
(fontspec)              This font family consists of the following NFSS
(fontspec)             series/shapes:
(fontspec)              
(fontspec)             - 'normal' (m/n) with NFSS spec.:
(fontspec)             <->"SimSun/OT:script=hani;language=dflt;"
(fontspec)             - 'small caps'  (m/sc) with NFSS spec.: 
(fontspec)             - 'bold' (b/n) with NFSS spec.:
(fontspec)             <->"SimHei/OT:script=hani;language=dflt;"
(fontspec)             - 'bold small caps'  (b/sc) with NFSS spec.: 
(fontspec)             - 'italic' (m/it) with NFSS spec.:
(fontspec)             <->"KaiTi/OT:script=hani;language=dflt;"
(fontspec)             - 'italic small caps'  (m/scit) with NFSS spec.: 

))) (d:/APP/TexLive/2020/texmf-dist/tex/latex/ctex/config/ctex.cfg
File: ctex.cfg 2019/05/29 v2.4.16 Configuration file (CTEX)
) (d:/APP/TexLive/2020/texmf-dist/tex/latex/autobreak/autobreak.sty
Package: autobreak 2017/02/23 v0.3 simple line breaking of long formulae
\everybeforeautobreak=\toks57
\everyafterautobreak=\toks58
\@autobreak@alltoks=\toks59
\@autobreak@linetoks=\toks60
\@autobreak@lhswidth=\dimen414
\@autobreak@rhswidth=\dimen415
\@autobreak@maxlhswidth=\dimen416
\@autobreak@realmaxlhswidth=\dimen417
\@autobreak@maxrhswidth=\dimen418
\c@@autobreak@eqnindex=\count398
\c@@autobreak@subeqnindex=\count399
 (d:/APP/TexLive/2020/texmf-dist/tex/generic/catchfile/catchfile.sty
Package: catchfile 2019/12/09 v1.8 Catch the contents of a file (HO)
)) (d:/APP/TexLive/2020/texmf-dist/tex/latex/base/inputenc.sty
Package: inputenc 2018/08/11 v1.3c Input encoding file
\inpenc@prehook=\toks61
\inpenc@posthook=\toks62


Package inputenc Warning: inputenc package ignored with utf8 based engines.

) (d:/APP/TexLive/2020/texmf-dist/tex/latex/adjustbox/adjustbox.sty
Package: adjustbox 2019/01/04 v1.2 Adjusting TeX boxes (trim, clip, ...)
 (d:/APP/TexLive/2020/texmf-dist/tex/latex/adjustbox/adjcalc.sty
Package: adjcalc 2012/05/16 v1.1 Provides advanced setlength with multiple back-ends (calc, etex, pgfmath)
) (d:/APP/TexLive/2020/texmf-dist/tex/latex/adjustbox/trimclip.sty
Package: trimclip 2018/04/08 v1.1 Trim and clip general TeX material
 (d:/APP/TexLive/2020/texmf-dist/tex/latex/collectbox/collectbox.sty
Package: collectbox 2012/05/17 v0.4b Collect macro arguments as boxes
\collectedbox=\box145
)
\tc@llx=\dimen419
\tc@lly=\dimen420
\tc@urx=\dimen421
\tc@ury=\dimen422
Package trimclip Info: Using driver 'tc-xetex.def'.
 (d:/APP/TexLive/2020/texmf-dist/tex/latex/adjustbox/tc-xetex.def
File: tc-xetex.def 2019/01/04 v2.2 Clipping driver for xetex
))
\adjbox@Width=\dimen423
\adjbox@Height=\dimen424
\adjbox@Depth=\dimen425
\adjbox@Totalheight=\dimen426
\adjbox@pwidth=\dimen427
\adjbox@pheight=\dimen428
\adjbox@pdepth=\dimen429
\adjbox@ptotalheight=\dimen430
 (d:/APP/TexLive/2020/texmf-dist/tex/latex/ifoddpage/ifoddpage.sty
Package: ifoddpage 2016/04/23 v1.1 Conditionals for odd/even page detection
\c@checkoddpage=\count400
)) (d:/APP/TexLive/2020/texmf-dist/tex/latex/tipa/tipa.sty
Package: tipa 2002/08/08 TIPA version 1.1
 (d:/APP/TexLive/2020/texmf-dist/tex/latex/base/fontenc.sty
Package: fontenc 2020/02/11 v2.0o Standard LaTeX package
 (d:/APP/TexLive/2020/texmf-dist/tex/latex/tipa/t3enc.def
File: t3enc.def 2001/12/31 T3 encoding
LaTeX Font Info:    Font shape `TU/TimesNewRoman(0)/m/sl' in size <12> not available
(Font)              Font shape `TU/TimesNewRoman(0)/m/it' tried instead on input line 316.

Package fontspec Info: Could not resolve font "Microsoft YaHei Bold/I" (it
(fontspec)             probably doesn't exist).


Package fontspec Info: Could not resolve font "Microsoft YaHei/I" (it probably
(fontspec)             doesn't exist).

LaTeX Font Info:    Trying to load font information for T3+lmss on input line 357.
LaTeX Font Info:    No file T3lmss.fd. on input line 357.
LaTeX Font Info:    Trying to load font information for T3+cmr on input line 357.
 (d:/APP/TexLive/2020/texmf-dist/tex/latex/tipa/t3cmr.fd
File: t3cmr.fd 2001/12/31 TIPA font definitions
)

LaTeX Font Warning: Font shape `T3/lmss/m/n' undefined
(Font)              using `T3/cmr/m/n' instead on input line 357.


Package fontspec Info: Font family 'MicrosoftYaHei(0)' created for font
(fontspec)             'Microsoft YaHei' with options
(fontspec)             [Script={CJK},BoldFont={* Bold}].
(fontspec)              
(fontspec)              This font family consists of the following NFSS
(fontspec)             series/shapes:
(fontspec)              
(fontspec)             - 'normal' (m/n) with NFSS spec.: <->"Microsoft
(fontspec)             YaHei/OT:script=hani;language=dflt;"
(fontspec)             - 'small caps'  (m/sc) with NFSS spec.: 
(fontspec)             - 'bold' (b/n) with NFSS spec.: <->"Microsoft YaHei
(fontspec)             Bold/OT:script=hani;language=dflt;"
(fontspec)             - 'bold small caps'  (b/sc) with NFSS spec.: 
(fontspec)             - 'bold italic' (b/it) with NFSS spec.: <->"Microsoft
(fontspec)             YaHei/BI/OT:script=hani;language=dflt;"
(fontspec)             - 'bold italic small caps'  (b/scit) with NFSS spec.: 

))) (d:/APP/TexLive/2020/texmf-dist/tex/latex/pdfpages/pdfpages.sty
Package: pdfpages 2020/01/28 v0.5q Insert pages of external PDF documents (AM)
 (d:/APP/TexLive/2020/texmf-dist/tex/latex/base/ifthen.sty
Package: ifthen 2014/09/29 v1.1c Standard LaTeX ifthen package (DPC)
) (d:/APP/TexLive/2020/texmf-dist/tex/latex/eso-pic/eso-pic.sty
Package: eso-pic 2018/04/12 v2.0h eso-pic (RN)
)
\AM@pagewidth=\dimen431
\AM@pageheight=\dimen432
 (d:/APP/TexLive/2020/texmf-dist/tex/latex/pdfpages/ppxetex.def
File: ppxetex.def 2020/01/28 v0.5q Pdfpages driver for XeTeX (AM)
)
\AM@pagebox=\box146
\AM@global@opts=\toks63
\AM@pagecnt=\count401
\AM@toc@title=\toks64
\c@AM@survey=\count402
\AM@templatesizebox=\box147
) (d:/APP/TexLive/2020/texmf-dist/tex/latex/blindtext/blindtext.sty
Package: blindtext 2012/01/06 V2.0 blindtext-Package
 (d:/APP/TexLive/2020/texmf-dist/tex/latex/tools/xspace.sty
Package: xspace 2014/10/28 v1.13 Space after command names (DPC,MH)
)
\c@blindtext=\count403
\c@Blindtext=\count404
\c@blind@countparstart=\count405
\blind@countxx=\count406
\blindtext@numBlindtext=\count407
\blind@countyy=\count408
\c@blindlist=\count409
\c@blindlistlevel=\count410
\c@blindlist@level=\count411
\blind@listitem=\count412
\c@blind@listcount=\count413
\c@blind@levelcount=\count414
\blind@mathformula=\count415
\blind@Mathformula=\count416
\c@blind@randomcount=\count417
\c@blind@randommax=\count418
\c@blind@pangramcount=\count419
\c@blind@pangrammax=\count420
) (d:/APP/TexLive/2020/texmf-dist/tex/latex/ascmac/ascmac.sty
Package: ascmac 2020/01/15 v2.1 ascmac wrapper (community edition) 
 (d:/APP/TexLive/2020/texmf-dist/tex/latex/ascmac/tascmac.sty
Package: tascmac 2020/01/15 v2.1 ascmac package (community edition) 
Package tascmac Info: Assuming pdfLaTeX, XeLaTeX or LuaLaTeX on input line 44.
\scb@x=\box148
\scscb@x=\box149
\@bw=\dimen433
\@nbox=\box150
\@nbody=\box151
\@scw=\dimen434
\ascmac@hoboxa=\box152
\ascmac@hoboxb=\box153
\@itemh=\dimen435
\@iboxpos=\toks65
\@iboxstr=\box154
\@bwsp=\box155
\@@bwsp=\box156
\@bcal=\count421
\shaderule=\dimen436
)) (d:/APP/TexLive/2020/texmf-dist/tex/latex/xpinyin/xpinyin.sty
Package: xpinyin 2019/04/07 v2.7 Automatically add pinyin to Chinese characters
\l__xpinyin_tmpa_box=\box157
\l__xpinyin_tmpb_box=\box158
\l__xpinyin_CJKglue_dim=\dimen437
 (d:/APP/TexLive/2020/texmf-dist/tex/latex/xpinyin/xpinyin-database.def
File: xpinyin-database.def 2019/04/07 v2.7 xpinyin database
))) (./Science.aux
LaTeX Info: Redefining \rmfamily on input line 20.
LaTeX Info: Redefining \sffamily on input line 20.
LaTeX Info: Redefining \ttfamily on input line 20.
)
\openout1 = `Science.aux'.

LaTeX Font Info:    Checking defaults for OML/cmm/m/it on input line 12.
LaTeX Font Info:    ... okay on input line 12.
LaTeX Font Info:    Checking defaults for OMS/cmsy/m/n on input line 12.
LaTeX Font Info:    ... okay on input line 12.
LaTeX Font Info:    Checking defaults for OT1/cmr/m/n on input line 12.
LaTeX Font Info:    ... okay on input line 12.
LaTeX Font Info:    Checking defaults for T1/cmr/m/n on input line 12.
LaTeX Font Info:    ... okay on input line 12.
LaTeX Font Info:    Checking defaults for TS1/cmr/m/n on input line 12.
LaTeX Font Info:    ... okay on input line 12.
LaTeX Font Info:    Checking defaults for TU/lmr/m/n on input line 12.
LaTeX Font Info:    ... okay on input line 12.
LaTeX Font Info:    Checking defaults for OMX/cmex/m/n on input line 12.
LaTeX Font Info:    ... okay on input line 12.
LaTeX Font Info:    Checking defaults for U/cmr/m/n on input line 12.
LaTeX Font Info:    ... okay on input line 12.
LaTeX Font Info:    Checking defaults for PD1/pdf/m/n on input line 12.
LaTeX Font Info:    ... okay on input line 12.
LaTeX Font Info:    Checking defaults for PU/pdf/m/n on input line 12.
LaTeX Font Info:    ... okay on input line 12.
LaTeX Font Info:    Checking defaults for T3/cmr/m/n on input line 12.
LaTeX Font Info:    ... okay on input line 12.

*geometry* driver: auto-detecting
*geometry* detected driver: xetex
*geometry* verbose mode - [ preamble ] result:
* driver: xetex
* paper: a4paper
* layout: <same size as paper>
* layoutoffset:(h,v)=(0.0pt,0.0pt)
* modes: twoside 
* h-part:(L,W,R)=(71.13188pt, 455.24411pt, 71.13188pt)
* v-part:(T,H,B)=(71.13188pt, 702.78308pt, 71.13188pt)
* \paperwidth=597.50787pt
* \paperheight=845.04684pt
* \textwidth=455.24411pt
* \textheight=702.78308pt
* \oddsidemargin=-1.1381pt
* \evensidemargin=-1.1381pt
* \topmargin=-33.0119pt
* \headheight=12.0pt
* \headsep=19.8738pt
* \topskip=12.0pt
* \footskip=30.0pt
* \marginparwidth=98.0pt
* \marginparsep=7.0pt
* \columnsep=10.0pt
* \skip\footins=10.8pt plus 4.0pt minus 2.0pt
* \hoffset=0.0pt
* \voffset=0.0pt
* \mag=1000
* \@twocolumnfalse
* \@twosidetrue
* \@mparswitchtrue
* \@reversemarginfalse
* (1in=72.27pt=25.4mm, 1cm=28.453pt)

\AtBeginShipoutBox=\box159
ABD: EverySelectfont initializing macros
LaTeX Info: Redefining \selectfont on input line 12.
Package caption Info: Begin \AtBeginDocument code.
Package caption Info: hyperref package is loaded.
Package caption Info: End \AtBeginDocument code.
 ABD: EveryShipout initializing macros

Package pgfplots Warning: running in backwards compatibility mode (unsuitable tick labels; missing features). Consider writing \pgfplotsset{compat=1.17} into your preamble.
 on input line 12.

Package hyperref Info: Link coloring ON on input line 12.
(d:/APP/TexLive/2020/texmf-dist/tex/latex/hyperref/nameref.sty
Package: nameref 2019/09/16 v2.46 Cross-referencing by name of section
 (d:/APP/TexLive/2020/texmf-dist/tex/latex/refcount/refcount.sty
Package: refcount 2019/12/15 v3.6 Data extraction from label references (HO)
) (d:/APP/TexLive/2020/texmf-dist/tex/generic/gettitlestring/gettitlestring.sty
Package: gettitlestring 2019/12/15 v1.6 Cleanup title references (HO)
)
\c@section@level=\count422
)
LaTeX Info: Redefining \ref on input line 12.
LaTeX Info: Redefining \pageref on input line 12.
LaTeX Info: Redefining \nameref on input line 12.
 (./Science.out) (./Science.out)
\@outlinefile=\write7
\openout7 = `Science.out'.

LaTeX Info: Redefining \rmfamily on input line 12.
LaTeX Info: Redefining \sffamily on input line 12.
LaTeX Info: Redefining \ttfamily on input line 12.
LaTeX Font Info:    Trying to load font information for U+msa on input line 17.
 (d:/APP/TexLive/2020/texmf-dist/tex/latex/amsfonts/umsa.fd
File: umsa.fd 2013/01/14 v3.01 AMS symbols A
)
LaTeX Font Info:    Trying to load font information for U+msb on input line 17.
 (d:/APP/TexLive/2020/texmf-dist/tex/latex/amsfonts/umsb.fd
File: umsb.fd 2013/01/14 v3.01 AMS symbols B
) [1


]

Package Fancyhdr Warning: \headheight is too small (12.0pt): 
Make it at least 14.49998pt.
We now make it that large for the rest of the document.
This may cause the page layout to be inconsistent, however.

[2

] (./Science.toc
LaTeX Info: Redefining \rmfamily on input line 1.
LaTeX Info: Redefining \sffamily on input line 1.
LaTeX Info: Redefining \ttfamily on input line 1.
 [3] [4] [5] [6] [7] [8] [9] [10] [11] [12] [13] [14] [15] [16] [17] [18])
\tf@toc=\write8
\openout8 = `Science.toc'.

 [19] [20

] [1

] [2] [3] [4

] [5] [6


] [7] [8]
Chapter 1.
[9

] [10

]
Chapter 2.
[11] [12

]
Chapter 3.

Overfull \hbox (5.92294pt too wide) detected at line 422
[]
 []

[13] [14]
Overfull \hbox (5.98552pt too wide) detected at line 516
[]
 []


Underfull \vbox (badness 2359) has occurred while \output is active []

 [15] [16]
Overfull \hbox (28.70508pt too wide) in paragraph at lines 696--697
[]\TU/SimSun(1)/m/n/12       $\OML/cmm/b/it/12 ^^K[]\OML/cmm/m/it/12 ; \OML/cmm/b/it/12 ^^K[]\OML/cmm/m/it/12 ; [] ; \OML/cmm/b/it/12 ^^K[]$ \TU/SimSun(1)/m/n/12          |        |    $\OML/cmm/b/it/12 ^^K[]\OML/cmm/m/it/12 ; \OML/cmm/b/it/12 ^^K[]\OML/cmm/m/it/12 ; [] ; \OML/cmm/b/it/12 ^^K[]$
 []

[17] [18]
Underfull \vbox (badness 10000) has occurred while \output is active []

 [19] [20]
Underfull \vbox (badness 10000) has occurred while \output is active []

 [21]
Underfull \vbox (badness 1460) has occurred while \output is active []

 [22]
Missing character: There is no  in font cmr8!
Missing character: There is no  in font cmr8!
Missing character: There is no  in font cmr8!
Missing character: There is no  in font cmr8!
Missing character: There is no  in font cmr8!
Missing character: There is no  in font cmr8!
Missing character: There is no  in font cmr8!
Missing character: There is no  in font cmr8!
Missing character: There is no  in font cmr8!
Missing character: There is no  in font cmr8!
Missing character: There is no  in font cmr8!
Missing character: There is no  in font cmr8!
Missing character: There is no  in font cmr8!
Missing character: There is no  in font cmr8!
Missing character: There is no  in font cmr8!
Missing character: There is no  in font cmr8!
Missing character: There is no  in font cmr8!
Missing character: There is no  in font cmr8!
Missing character: There is no  in font cmr8!
Missing character: There is no  in font cmr8!
 [23]
Overfull \hbox (3.01434pt too wide) in paragraph at lines 1055--1061
[]$\OMS/cmsy/m/n/12 ,$ $\OML/cmm/b/it/12 P[]AP \OT1/cmr/m/n/12 = \OT1/cmr/bx/n/12 ^^C \OT1/cmr/m/n/12 = []$\TU/SimSun(1)/m/n/12 | $\OML/cmm/m/it/12 ^^U[]; ^^U[]; [] ; ^^U[]$ \TU/SimSun(1)/m/n/12  $\OML/cmm/m/it/12 n$ \TU/SimSun(1)/m/n/12    | $\OML/cmm/b/it/12 P \OT1/cmr/m/n/12 = [\OML/cmm/b/it/12 ^^X[]\OML/cmm/m/it/12 ; \OML/cmm/b/it/12 ^^X[]\OML/cmm/m/it/12 ; [] ; \OML/cmm/b/it/12 ^^X[]\OT1/cmr/m/n/12 ]$\TU/SimSun(1)/m/n/12 |
 []

[24] [25] [26

]
Chapter 4.
[27]
Missing character: There is no  in font cmr8!
Missing character: There is no  in font cmr8!
Missing character: There is no  in font cmr8!
Missing character: There is no  in font cmr8!
Missing character: There is no  in font cmr8!
Missing character: There is no  in font cmr8!
Missing character: There is no  in font cmr8!
Missing character: There is no  in font cmr8!
Missing character: There is no  in font cmr8!
Missing character: There is no  in font cmr8!
Missing character: There is no  in font cmr8!
Missing character: There is no  in font cmr8!
Missing character: There is no  in font cmr8!
Missing character: There is no  in font cmr8!
Missing character: There is no  in font cmr8!
Missing character: There is no  in font cmr8!
Missing character: There is no  in font cmr8!
Missing character: There is no  in font cmr8!
Missing character: There is no  in font cmr8!
Missing character: There is no  in font cmr8!
 [28] [29]
Overfull \hbox (14.97011pt too wide) detected at line 1376
[]
 []

[30] [31] [32

]
Chapter 5.
[33] [34] [35] [36

]
Chapter 6.

Underfull \vbox (badness 4752) has occurred while \output is active []

 [37]
Overfull \hbox (79.19781pt too wide) detected at line 1690
[]
 []

[38]
Overfull \hbox (15.87634pt too wide) detected at line 1718
[]
 []

[39]
Missing character: There is no  in font cmr12!
Missing character: There is no  in font cmr12!
Missing character: There is no  in font cmr12!
Missing character: There is no  in font cmr12!
 [40] [41]
Overfull \hbox (42.96489pt too wide) in paragraph at lines 1849--1850
[]\TU/SimSun(1)/m/n/12    $[][] []$| $[][] []$   |     $[][] []$   |    $[][] [] \OT1/cmr/m/n/12 =
 []

[42] [43] [44

]
Chapter 7.

Underfull \vbox (badness 10000) has occurred while \output is active []

 [45]
Underfull \vbox (badness 1558) has occurred while \output is active []

 [46]
Overfull \hbox (45.8856pt too wide) detected at line 2000
[]
 []

[47] [48] [49] [50

]
Chapter 8.
[51]
Underfull \vbox (badness 1210) has occurred while \output is active []

 [52

]
Underfull \vbox (badness 10000) has occurred while \output is active []

 [53] [54]
Chapter 9.
[55

] [56]
Missing character: There is no  in font cmr10!
Missing character: There is no  in font cmr10!
 [57]
Underfull \vbox (badness 10000) has occurred while \output is active []

 [58] [59] [60] [61] [62]
Missing character: There is no  in font cmmi10!
Missing character: There is no  in font cmmi10!
 [63]

Package hyperref Warning: Token not allowed in a PDF string (Unicode):
(hyperref)                removing `math shift' on input line 2812.


Package hyperref Warning: Token not allowed in a PDF string (Unicode):
(hyperref)                removing `\chi' on input line 2812.


Package hyperref Warning: Token not allowed in a PDF string (Unicode):
(hyperref)                removing `math shift' on input line 2812.

[64]
Chapter 10.

Underfull \hbox (badness 10000) in paragraph at lines 2830--2832

 []

Missing character: There is no  in font cmr8!
Missing character: There is no  in font cmr8!
[65

]
Overfull \hbox (8.86589pt too wide) detected at line 2992
[]
 []

[66]
Missing character: There is no  in font cmr10!
Missing character: There is no  in font cmr10!

Underfull \vbox (badness 3557) has occurred while \output is active []

 [67]
Missing character: There is no  in font cmr10!
Missing character: There is no  in font cmr10!
Missing character: There is no  in font cmr10!
Missing character: There is no  in font cmr10!
 [68] [69] [70] [71] [72

]
Chapter 11.
Missing character: There is no  in font cmr10!
Missing character: There is no  in font cmr10!
Missing character: There is no  in font cmr10!
Missing character: There is no  in font cmr10!
Missing character: There is no  in font cmr10!
Missing character: There is no  in font cmr10!
Missing character: There is no  in font cmr10!
Missing character: There is no  in font cmr10!
[73] [74]
Missing character: There is no  in font cmr10!
Missing character: There is no  in font cmmi10!
Missing character: There is no  in font cmmi10!
Missing character: There is no  in font cmr10!
Missing character: There is no  in font cmmi10!
Missing character: There is no  in font cmmi10!
 [75]
Missing character: There is no  in font cmr10!
Missing character: There is no  in font cmr10!
 [76]
Overfull \hbox (2.73326pt too wide) in paragraph at lines 3557--3560
[]$\OML/cmm/m/it/10.95 SST \OT1/cmr/m/n/10.95 = [][] [][] []\OML/cmm/m/it/10.95 ; SSA \OT1/cmr/m/n/10.95 = [][] \OML/cmm/m/it/10.95 n[] [] ; SSE \OT1/cmr/m/n/10.95 = [][] [][] []$ 
 []

[77]
Missing character: There is no  in font cmr10!
Missing character: There is no  in font cmr10!
Missing character: There is no  in font cmr10!
Missing character: There is no  in font cmr10!
Missing character: There is no  in font cmr10!
Missing character: There is no  in font cmr10!
Missing character: There is no  in font cmr10!
Missing character: There is no  in font cmr10!
 [78]
Chapter 12.
[79

] [80]
Missing character: There is no  in font cmr10!
Missing character: There is no  in font cmr10!
Missing character: There is no  in font cmr10!
Missing character: There is no  in font cmr10!
Missing character: There is no  in font cmr10!
 [81]
Missing character: There is no  in font cmr10!
 [82]
Missing character: There is no  in font cmr10!
Missing character: There is no  in font cmr10!
Missing character: There is no  in font cmr10!
Missing character: There is no  in font cmr10!
Missing character: There is no  in font cmr10!
Missing character: There is no  in font cmr10!
 [83]
Missing character: There is no  in font cmr10!
Missing character: There is no  in font cmr10!
Missing character: There is no  in font cmr10!
Missing character: There is no  in font cmr8!
Missing character: There is no  in font cmr10!
Missing character: There is no  in font cmr8!
Missing character: There is no  in font cmr10!
Missing character: There is no  in font cmr8!
Missing character: There is no  in font cmr10!
Missing character: There is no  in font cmr8!
Missing character: There is no  in font cmr10!
Missing character: There is no  in font cmr10!
 [84]
Missing character: There is no  in font cmr10!
Missing character: There is no  in font cmr10!
Missing character: There is no  in font cmr10!
Missing character: There is no  in font cmr10!

Underfull \vbox (badness 2334) has occurred while \output is active []

 [85] [86]
Underfull \hbox (badness 10000) in paragraph at lines 4141--4142

 []

Missing character: There is no  in font cmr10!
Missing character: There is no  in font cmr10!
[87]
Missing character: There is no  in font cmmi8!
Missing character: There is no  in font cmr10!
Missing character: There is no  in font cmmi8!
 [88]
Underfull \vbox (badness 10000) has occurred while \output is active []

 [89]
Missing character: There is no  in font cmr10!
Missing character: There is no  in font cmr10!
 [90] [91]
Missing character: There is no  in font cmmi10!
Missing character: There is no  in font cmmi10!
Missing character: There is no  in font cmmi10!
Missing character: There is no  in font cmmi10!
Missing character: There is no  in font cmr10!
Missing character: There is no  in font cmr10!
Missing character: There is no  in font cmmi10!
Missing character: There is no  in font cmmi10!
Missing character: There is no  in font cmmi10!
Missing character: There is no  in font cmr10!
Missing character: There is no  in font cmr10!
Missing character: There is no  in font cmmi10!
Missing character: There is no  in font cmmi10!
Missing character: There is no  in font cmmi10!
Missing character: There is no  in font cmr10!
 [92]
Missing character: There is no  in font cmmi10!
Missing character: There is no  in font cmr10!
Missing character: There is no  in font cmr10!
 [93] [94] [95]
Underfull \vbox (badness 10000) has occurred while \output is active []

 [96] [97] [98] [99] [100

]
Chapter 13.
[101] [102

]
Chapter 14.
[103] [104

]
Chapter 15.
[105] [106

] [107] [108] [109

] [110]
Chapter 16.

Overfull \hbox (41.74998pt too wide) in paragraph at lines 4994--4994
[]$[]$| 
 []


Overfull \hbox (49.8375pt too wide) in paragraph at lines 4965--4994
[] 
 []

[111

]
Overfull \hbox (29.74998pt too wide) in paragraph at lines 5050--5050
[]$[]$| 
 []


Overfull \hbox (6.98639pt too wide) in paragraph at lines 5050--5050
[]$[]$| 
 []


Overfull \hbox (47.09999pt too wide) in paragraph at lines 5027--5050
[] 
 []


Overfull \hbox (6.98639pt too wide) in paragraph at lines 5081--5081
[]$[]$| 
 []


Overfull \hbox (29.74998pt too wide) in paragraph at lines 5081--5081
[]$[]$| 
 []


Overfull \hbox (49.8375pt too wide) in paragraph at lines 5057--5081
[] 
 []

[112]
Overfull \hbox (30.79999pt too wide) in paragraph at lines 5120--5120
[]$[]$| 
 []


Overfull \hbox (18.79999pt too wide) in paragraph at lines 5120--5120
[]$[]$| 
 []


Overfull \hbox (18.79999pt too wide) in paragraph at lines 5120--5120
[]$[]$| 
 []


Overfull \hbox (47.09999pt too wide) in paragraph at lines 5094--5120
[] 
 []


Underfull \hbox (badness 10000) in paragraph at lines 5121--5123

 []


Overfull \hbox (30.79999pt too wide) in paragraph at lines 5151--5151
[]$[]$| 
 []


Overfull \hbox (18.79999pt too wide) in paragraph at lines 5151--5151
[]$[]$| 
 []


Overfull \hbox (18.79999pt too wide) in paragraph at lines 5151--5151
[]$[]$| 
 []


Overfull \hbox (47.09999pt too wide) in paragraph at lines 5129--5151
[] 
 []


Underfull \vbox (badness 10000) has occurred while \output is active []

 [113] [114] [115] [116]
Chapter 17.
[117

] [118

]
Chapter 18.

Underfull \hbox (badness 10000) in paragraph at lines 5332--5334

 []

Missing character: There is no  in font cmr10!
Missing character: There is no  in font cmr10!
Missing character: There is no  in font cmr10!
Missing character: There is no  in font cmr10!
Missing character: There is no  in font cmr10!
Missing character: There is no  in font cmr10!

Underfull \hbox (badness 10000) in paragraph at lines 5358--5360

 []


Underfull \hbox (badness 10000) in paragraph at lines 5383--5385

 []


Underfull \vbox (badness 10000) has occurred while \output is active []

 [119]
Underfull \vbox (badness 10000) has occurred while \output is active []

 [120] [121] [122

]
Chapter 19.
[123] [124] [125] [126]
Underfull \vbox (badness 10000) has occurred while \output is active []

 [127]
Missing character: There is no  in font Times New Roman/OT:script=latn;language=dflt;mapping=tex-text;!
Missing character: There is no  in font Times New Roman/OT:script=latn;language=dflt;mapping=tex-text;!
 [128]
Underfull \vbox (badness 1735) has occurred while \output is active []

 [129]
Underfull \vbox (badness 10000) has occurred while \output is active []

 [130] [131]
Underfull \vbox (badness 3826) has occurred while \output is active []

 [132]
Overfull \hbox (13.08907pt too wide) detected at line 6216
[] [] [] 
 []


Underfull \vbox (badness 4872) has occurred while \output is active []

 [133]
Underfull \vbox (badness 10000) has occurred while \output is active []

 [134]
Missing character: There is no  in font cmr10!

Underfull \hbox (badness 10000) in paragraph at lines 6303--6305

 []

[135]
Underfull \vbox (badness 2689) has occurred while \output is active []

 [136]
Underfull \vbox (badness 1888) has occurred while \output is active []

 [137] [138]
Chapter 20.
[139

] [140] [141] [142]
Underfull \vbox (badness 2165) has occurred while \output is active []

 [143] [144] [145] [146

]
Chapter 21.

Underfull \vbox (badness 10000) has occurred while \output is active []

 [147]
Missing character: There is no  in font cmr10!
Missing character: There is no  in font cmr10!
Missing character: There is no  in font cmr10!
Missing character: There is no  in font cmr10!
Missing character: There is no  in font cmr8!
Missing character: There is no  in font cmr6!
 [148] [149]
Overfull \hbox (5.65558pt too wide) in paragraph at lines 7106--7107
[]\TU/SimSun(1)/m/n/10.95     |             |                     |\TU/TimesNewRoman(0)/m/n/10.95 loanable-
 []

Missing character: There is no  in font cmmi10!
[150] [151] [152] [153] [154

]
Chapter 22.
[155] [156]
Missing character: There is no  in font cmr10!
Missing character: There is no  in font cmr10!
Missing character: There is no  in font cmr10!
Missing character: There is no  in font cmr10!
Missing character: There is no  in font cmr10!
Missing character: There is no  in font cmr10!
 [157]
Missing character: There is no  in font cmr10!
Missing character: There is no  in font cmr10!
Missing character: There is no  in font cmr10!
Missing character: There is no  in font cmr10!
Missing character: There is no  in font cmr8!
Missing character: There is no  in font cmr8!
Missing character: There is no  in font cmr8!
Missing character: There is no  in font cmr10!
Missing character: There is no  in font cmr10!
Missing character: There is no  in font cmr10!
Missing character: There is no  in font cmr10!
Missing character: There is no  in font cmr10!
Missing character: There is no  in font cmr10!
Missing character: There is no  in font cmr8!
Missing character: There is no  in font cmr8!
 [158]
Missing character: There is no  in font cmr10!
Missing character: There is no  in font cmr10!
Missing character: There is no  in font cmr10!
Missing character: There is no  in font cmr10!
Missing character: There is no  in font cmr10!
Missing character: There is no  in font cmr10!
Missing character: There is no  in font cmr10!
Missing character: There is no  in font cmr10!
Missing character: There is no  in font cmr10!
 [159]
Underfull \vbox (badness 10000) has occurred while \output is active []

 [160]
Missing character: There is no  in font SimSun/OT:script=hani;language=dflt;!
Missing character: There is no  in font SimSun/OT:script=hani;language=dflt;!
Missing character: There is no  in font SimSun/OT:script=hani;language=dflt;!
Missing character: There is no  in font SimSun/OT:script=hani;language=dflt;!
Missing character: There is no  in font SimSun/OT:script=hani;language=dflt;!
 [161] [162]
Chapter 23.
[163

] [164]
Missing character: There is no  in font cmr6!
Missing character: There is no  in font cmr6!
Missing character: There is no  in font cmr6!
Missing character: There is no  in font cmr6!
Missing character: There is no  in font cmr6!
Missing character: There is no  in font cmr6!

Overfull \hbox (8.58138pt too wide) in paragraph at lines 8056--8056
[]$[]$| 
 []


Overfull \hbox (159.20038pt too wide) detected at line 8056
[]
 []


Underfull \vbox (badness 10000) has occurred while \output is active []

 [165

]
Overfull \vbox (22.87482pt too high) has occurred while \output is active []

 [166]
Missing character: There is no  in font cmr10!
Missing character: There is no  in font cmr10!
 [167

] [168] [169]
Missing character: There is no  in font cmr10!
Missing character: There is no  in font cmr10!
Missing character: There is no  in font cmr10!
Missing character: There is no  in font cmr10!
 [170] [171] [172]
Chapter 24.
[173

] [174

]
Chapter 25.
[175] [176

]
Chapter 26.
[177] [178

]
Chapter 27.
[179] [180

]
Chapter 28.
[181] [182

]
Chapter 29.

Package hyperref Warning: Token not allowed in a PDF string (Unicode):
(hyperref)                removing `math shift' on input line 8451.


Package hyperref Warning: Token not allowed in a PDF string (Unicode):
(hyperref)                removing `math shift' on input line 8451.

Missing character: There is no  in font cmr10!
Missing character: There is no  in font cmr10!
[183]
Overfull \hbox (75.0659pt too wide) detected at line 8534
[]
 []


Underfull \vbox (badness 1019) has occurred while \output is active []

 [184]
Overfull \hbox (12.39745pt too wide) in paragraph at lines 8619--8619
[]\TU/SimSun(1)/m/n/10.95    | $[] \OT1/cmr/m/n/10.95 = []$ 
 []


Underfull \vbox (badness 10000) has occurred while \output is active []

 [185]
Underfull \vbox (badness 10000) has occurred while \output is active []

 [186] [187]
Underfull \vbox (badness 5726) has occurred while \output is active []

 [188]
Underfull \hbox (badness 10000) in paragraph at lines 8830--8832

 []

[189]
Underfull \hbox (badness 10000) in paragraph at lines 8888--8890

 []

[190]
Underfull \vbox (badness 2261) has occurred while \output is active []

 [191]
Overfull \hbox (49.8375pt too wide) in paragraph at lines 8987--9004
[] 
 []

[192]
Underfull \hbox (badness 10000) in paragraph at lines 9041--9043

 []

[193] [194]
Chapter 30.

Underfull \vbox (badness 3907) has occurred while \output is active []

 [195

]
Underfull \vbox (badness 10000) has occurred while \output is active []

 [196] [197] [198

] [199

]
Overfull \hbox (3.34029pt too wide) in paragraph at lines 9507--9591
[] 
 []


Underfull \vbox (badness 10000) has occurred while \output is active []

 [200

] [201]
Missing character: There is no  in font cmr10!
Missing character: There is no  in font cmr10!
Missing character: There is no  in font cmr10!
Missing character: There is no  in font cmr10!
Missing character: There is no  in font cmr10!
Missing character: There is no  in font cmr10!
Missing character: There is no  in font cmr10!
Missing character: There is no  in font cmr10!
Missing character: There is no  in font cmr10!
Missing character: There is no  in font cmr10!
Missing character: There is no  in font cmr10!
Missing character: There is no  in font cmr10!
Missing character: There is no  in font cmr10!
Missing character: There is no  in font cmr10!
Missing character: There is no  in font cmr10!
Missing character: There is no  in font cmr10!
Missing character: There is no  in font cmr10!
Missing character: There is no  in font cmr10!
 [202

]
Missing character: There is no  in font cmmi10!
Missing character: There is no  in font cmr10!
Missing character: There is no  in font cmmi10!
Missing character: There is no  in font cmr10!
 [203] [204

]
Chapter 31.
[205] [206

]
Chapter 32.
[207] [208

]
Chapter 33.
[209] [210] [211] [212

]
Chapter 34.

Underfull \vbox (badness 1389) has occurred while \output is active []

 [213]
Underfull \vbox (badness 10000) has occurred while \output is active []

 [214]
Underfull \vbox (badness 10000) has occurred while \output is active []

 [215] [216]
Overfull \hbox (55.75114pt too wide) detected at line 10161
[]
 []

[217] [218

]
Chapter 35.
[219] [220

]
Chapter 36.

Package hyperref Warning: Difference (2) between bookmark levels is greater 
(hyperref)                than one, level fixed on input line 10180.


Underfull \vbox (badness 10000) has occurred while \output is active []

 [221] [222] [223] [224

]
Chapter 37.
[225] [226

]
Chapter 38.
[227] [228

]
Chapter 39.
[229] [230

]
Chapter 40.
[231]
Underfull \vbox (badness 10000) has occurred while \output is active []

 [232]
Underfull \vbox (badness 10000) has occurred while \output is active []

 [233] [234]
Chapter 41.
[235

] [236

]
Chapter 42.
[237] [238

]
Chapter 43.
[239] [240

] [241] [242]
The property list \polyglossia@langsetup contains the pairs (without outer
braces):
>  {latex/script}  =>  {latin}
>  {latex/lcscript}  =>  {latin}
>  {latex/scripttag}  =>  {}
>  {latex/language}  =>  {Latex}
>  {latex/langtag}  =>  {ENG}
>  {latex/bcp47}  =>  {}
>  {latex/hyphennames}  =>  {english}
>  {latex/direction}  =>  {LR}
>  {latex/hyphenmins}  =>  {2,3}
>  {latex/frenchspacing}  =>  {false}
>  {latex/indentfirst}  =>  {false}
>  {latex/fontsetup}  =>  {true}
>  {latex/envname}  =>  {latex}
>  {latex/babelname}  =>  {latex}
>  {latex/localnumeral}  =>  {polyglossia@C@localnumeral}
>  {latex/Localnumeral}  =>  {polyglossia@C@localnumeral}.
Package atveryend Info: Empty hook `BeforeClearDocument' on input line 10648.
Package atveryend Info: Empty hook `AfterLastShipout' on input line 10648.
 (./Science.aux
LaTeX Info: Redefining \rmfamily on input line 20.
LaTeX Info: Redefining \sffamily on input line 20.
LaTeX Info: Redefining \ttfamily on input line 20.
)
Package atveryend Info: Empty hook `AtVeryEndDocument' on input line 10648.
Package atveryend Info: Executing hook `AtEndAfterFileList' on input line 10648.
Package rerunfilecheck Info: File `Science.out' has not changed.
(rerunfilecheck)             Checksum: 1416498E22F299250A8B96D69CADF581;60644.


LaTeX Font Warning: Some font shapes were not available, defaults substituted.


LaTeX Warning: Label(s) may have changed. Rerun to get cross-references right.

 ) 
Here is how much of TeX's memory you used:
 99450 strings out of 479418
 2254858 string characters out of 5886345
 2033848 words of memory out of 5000000
 116024 multiletter control sequences out of 15000+600000
 553041 words of font info for 152 fonts, out of 8000000 for 9000
 1348 hyphenation exceptions out of 8191
 69i,56n,100p,875b,47159s stack positions out of 5000i,500n,10000p,200000b,80000s

Output written on Science.pdf (262 pages).
