\BOOKMARK [-1][-]{part.1}{\376\377\000I\000\040\117\123\174\373}{}% 1
\BOOKMARK [-1][-]{part.2}{\376\377\000I\000I\000\040\145\160\164\006\116\016\145\160\143\156\171\321\133\146}{}% 2
\BOOKMARK [0][-]{chapter.1}{\376\377\123\302\145\160\117\060\213\241}{part.2}% 3
\BOOKMARK [1][-]{section.1.1}{\376\377\147\000\134\017\116\214\116\130\117\060\213\241}{chapter.1}% 4
\BOOKMARK [2][-]{subsection.1.1.1}{\376\377\145\271\154\325}{section.1.1}% 5
\BOOKMARK [3][-]{subsubsection.1.1.1.1}{\376\377\127\107\120\074\117\060\213\241}{subsection.1.1.1}% 6
\BOOKMARK [4][-]{paragraph.1.1.1.1.1}{\376\377\116\000\121\103}{subsubsection.1.1.1.1}% 7
\BOOKMARK [4][-]{paragraph.1.1.1.1.2}{\376\377\131\032\121\103}{subsubsection.1.1.1.1}% 8
\BOOKMARK [3][-]{subsubsection.1.1.1.2}{\376\377\145\271\135\356\117\060\213\241}{subsection.1.1.1}% 9
\BOOKMARK [4][-]{paragraph.1.1.1.2.1}{\376\377\116\000\121\103\377\010\171\273\135\356\377\011}{subsubsection.1.1.1.2}% 10
\BOOKMARK [4][-]{paragraph.1.1.1.2.2}{\376\377\131\032\121\103\377\010\150\067\147\054\171\273\135\356\226\065\377\011}{subsubsection.1.1.1.2}% 11
\BOOKMARK [3][-]{subsubsection.1.1.1.3}{\376\377\174\373\145\160\117\060\213\241}{subsection.1.1.1}% 12
\BOOKMARK [4][-]{paragraph.1.1.1.3.1}{\376\377\116\000\121\103}{subsubsection.1.1.1.3}% 13
\BOOKMARK [4][-]{paragraph.1.1.1.3.2}{\376\377\131\032\121\103}{subsubsection.1.1.1.3}% 14
\BOOKMARK [2][-]{subsection.1.1.2}{\376\377\140\047\215\050}{section.1.1}% 15
\BOOKMARK [3][-]{subsubsection.1.1.2.1}{\376\377\134\017\150\067\147\054\140\047\215\050}{subsection.1.1.2}% 16
\BOOKMARK [4][-]{paragraph.1.1.2.1.1}{\376\377\176\277\140\047\140\047}{subsubsection.1.1.2.1}% 17
\BOOKMARK [4][-]{paragraph.1.1.2.1.2}{\376\377\145\340\120\117\140\047}{subsubsection.1.1.2.1}% 18
\BOOKMARK [4][-]{paragraph.1.1.2.1.3}{\376\377\147\011\145\110\140\047\000/\147\000\134\017\145\271\135\356\140\047}{subsubsection.1.1.2.1}% 19
\BOOKMARK [3][-]{subsubsection.1.1.2.2}{\376\377\131\047\150\067\147\054\156\020\217\333\140\047\215\050}{subsection.1.1.2}% 20
\BOOKMARK [4][-]{paragraph.1.1.2.2.1}{\376\377\116\000\201\364\140\047}{subsubsection.1.1.2.2}% 21
\BOOKMARK [4][-]{paragraph.1.1.2.2.2}{\376\377\156\020\217\321\145\340\120\117\140\047}{subsubsection.1.1.2.2}% 22
\BOOKMARK [4][-]{paragraph.1.1.2.2.3}{\376\377\156\020\217\321\147\011\145\110\140\047}{subsubsection.1.1.2.2}% 23
\BOOKMARK [1][-]{section.1.2}{\376\377\167\351\117\060\213\241\154\325}{chapter.1}% 24
\BOOKMARK [2][-]{subsection.1.2.1}{\376\377\145\271\154\325}{section.1.2}% 25
\BOOKMARK [3][-]{subsubsection.1.2.1.1}{\376\377\127\107\120\074\117\060\213\241}{subsection.1.2.1}% 26
\BOOKMARK [3][-]{subsubsection.1.2.1.2}{\376\377\174\373\145\160\117\060\213\241}{subsection.1.2.1}% 27
\BOOKMARK [1][-]{section.1.3}{\376\377\147\201\131\047\117\074\161\066\117\060\213\241}{chapter.1}% 28
\BOOKMARK [2][-]{subsection.1.3.1}{\376\377\145\271\154\325}{section.1.3}% 29
\BOOKMARK [3][-]{subsubsection.1.3.1.1}{\376\377\127\107\120\074\117\060\213\241}{subsection.1.3.1}% 30
\BOOKMARK [3][-]{subsubsection.1.3.1.2}{\376\377\174\373\145\160\117\060\213\241}{subsection.1.3.1}% 31
\BOOKMARK [1][-]{section.1.4}{\376\377\215\035\123\366\145\257\117\060\213\241}{chapter.1}% 32
\BOOKMARK [0][-]{chapter.2}{\376\377\120\107\213\276\150\300\232\214}{part.2}% 33
\BOOKMARK [1][-]{section.2.1}{\376\377\123\302\145\160\150\300\232\214}{chapter.2}% 34
\BOOKMARK [2][-]{subsection.2.1.1}{\376\377\123\125\116\052\153\143\140\001\140\073\117\123}{section.2.1}% 35
\BOOKMARK [3][-]{subsubsection.2.1.1.1}{\376\377\127\107\120\074\166\204\150\300\232\214}{subsection.2.1.1}% 36
\BOOKMARK [4][-]{paragraph.2.1.1.1.1}{\376\377\116\000\121\103}{subsubsection.2.1.1.1}% 37
\BOOKMARK [3][-]{subsubsection.2.1.1.2}{\376\377\145\271\135\356\000^\0002\166\204\150\300\232\214}{subsection.2.1.1}% 38
\BOOKMARK [4][-]{paragraph.2.1.1.2.1}{\376\377\116\000\121\103}{subsubsection.2.1.1.2}% 39
\BOOKMARK [2][-]{subsection.2.1.2}{\376\377\116\044\116\052\153\143\140\001\140\073\117\123}{section.2.1}% 40
\BOOKMARK [3][-]{subsubsection.2.1.2.1}{\376\377\127\107\120\074\166\204\150\300\232\214}{subsection.2.1.2}% 41
\BOOKMARK [4][-]{paragraph.2.1.2.1.1}{\376\377\116\000\121\103}{subsubsection.2.1.2.1}% 42
\BOOKMARK [4][-]{paragraph.2.1.2.1.2}{\376\377\131\032\121\103}{subsubsection.2.1.2.1}% 43
\BOOKMARK [3][-]{subsubsection.2.1.2.2}{\376\377\145\271\135\356\000^\0002\166\204\150\300\232\214}{subsection.2.1.2}% 44
\BOOKMARK [4][-]{paragraph.2.1.2.2.1}{\376\377\116\000\121\103}{subsubsection.2.1.2.2}% 45
\BOOKMARK [4][-]{paragraph.2.1.2.2.2}{\376\377\131\032\121\103}{subsubsection.2.1.2.2}% 46
\BOOKMARK [2][-]{subsection.2.1.3}{\376\377\131\032\116\052\153\143\140\001\140\073\117\123}{section.2.1}% 47
\BOOKMARK [3][-]{subsubsection.2.1.3.1}{\376\377\127\107\120\074\166\204\150\300\232\214}{subsection.2.1.3}% 48
\BOOKMARK [4][-]{paragraph.2.1.3.1.1}{\376\377\116\000\121\103}{subsubsection.2.1.3.1}% 49
\BOOKMARK [4][-]{paragraph.2.1.3.1.2}{\376\377\131\032\121\103}{subsubsection.2.1.3.1}% 50
\BOOKMARK [3][-]{subsubsection.2.1.3.2}{\376\377\145\271\135\356\000^\0002\166\204\150\300\232\214}{subsection.2.1.3}% 51
\BOOKMARK [4][-]{paragraph.2.1.3.2.1}{\376\377\116\000\121\103}{subsubsection.2.1.3.2}% 52
\BOOKMARK [4][-]{paragraph.2.1.3.2.2}{\376\377\131\032\121\103}{subsubsection.2.1.3.2}% 53
\BOOKMARK [1][-]{section.2.2}{\376\377\227\136\123\302\145\160\150\300\232\214}{chapter.2}% 54
\BOOKMARK [-1][-]{part.3}{\376\377\000I\000I\000I\000\040\201\352\161\066\116\016\135\345\172\013\171\321\133\146}{}% 55
\BOOKMARK [-1][-]{part.4}{\376\377\000I\000V\000\040\116\272\145\207\116\016\171\076\117\032\171\321\133\146}{}% 56
\BOOKMARK [0][-]{chapter.3}{\376\377\125\106\124\301}{part.4}% 57
\BOOKMARK [1][-]{section.3.1}{\376\377\116\367\120\074\147\204\142\020}{chapter.3}% 58
\BOOKMARK [2][-]{subsection.3.1.1}{\376\377\116\244\143\142\116\367\120\074}{section.3.1}% 59
\BOOKMARK [1][-]{section.3.2}{\376\377\116\367\120\074\123\237\126\340\377\032\122\263\122\250}{chapter.3}% 60
\BOOKMARK [2][-]{subsection.3.2.1}{\376\377\125\106\124\301\165\037\116\247}{section.3.2}% 61
\BOOKMARK [2][-]{subsection.3.2.2}{\376\377\125\106\124\301\116\244\143\142}{section.3.2}% 62
\BOOKMARK [1][-]{section.3.3}{\376\377\116\367\120\074\210\141\221\317\377\032\116\367\120\074\221\317}{chapter.3}% 63
\BOOKMARK [2][-]{subsection.3.3.1}{\376\377\121\263\133\232}{section.3.3}% 64
\BOOKMARK [2][-]{subsection.3.3.2}{\376\377\143\007\150\007}{section.3.3}% 65
\BOOKMARK [3][-]{subsubsection.3.3.2.1}{\376\377\122\263\122\250\165\037\116\247\163\207}{subsection.3.3.2}% 66
\BOOKMARK [0][-]{chapter.4}{\376\377\122\263\122\250\122\233}{part.4}% 67
\BOOKMARK [0][-]{chapter.5}{\376\377\215\104\147\054}{part.4}% 68
\BOOKMARK [1][-]{section.5.1}{\376\377\133\236\117\123\215\104\147\054}{chapter.5}% 69
\BOOKMARK [1][-]{section.5.2}{\376\377\206\132\142\337\215\104\147\054}{chapter.5}% 70
\BOOKMARK [1][-]{section.5.3}{\376\377\121\163\174\373}{chapter.5}% 71
\BOOKMARK [0][-]{chapter.6}{\376\377\215\047\136\001}{part.4}% 72
\BOOKMARK [1][-]{section.6.1}{\376\377\215\047\136\001\122\006\174\173}{chapter.6}% 73
\BOOKMARK [2][-]{subsection.6.1.1}{\376\377\116\367\120\074\137\142\137\017}{section.6.1}% 74
\BOOKMARK [2][-]{subsection.6.1.2}{\376\377\162\151\215\050\137\142\137\017}{section.6.1}% 75
\BOOKMARK [3][-]{subsubsection.6.1.2.1}{\376\377\133\236\117\123\215\047\136\001}{subsection.6.1.2}% 76
\BOOKMARK [3][-]{subsubsection.6.1.2.2}{\376\377\206\132\142\337\215\047\136\001}{subsection.6.1.2}% 77
\BOOKMARK [2][-]{subsection.6.1.3}{\376\377\155\101\122\250\140\047}{section.6.1}% 78
\BOOKMARK [3][-]{subsubsection.6.1.3.1}{\376\377\000I\000M\000F}{subsection.6.1.3}% 79
\BOOKMARK [3][-]{subsubsection.6.1.3.2}{\376\377\142\021\126\375}{subsection.6.1.3}% 80
\BOOKMARK [1][-]{section.6.2}{\376\377\117\134\165\050\116\016\137\161\124\315}{chapter.6}% 81
\BOOKMARK [2][-]{subsection.6.2.1}{\376\377\215\047\136\001\200\114\200\375}{section.6.2}% 82
\BOOKMARK [3][-]{subsubsection.6.2.1.1}{\376\377\213\241\116\367\150\007\121\306}{subsection.6.2.1}% 83
\BOOKMARK [3][-]{subsubsection.6.2.1.2}{\376\377\116\244\146\023\132\222\116\313}{subsection.6.2.1}% 84
\BOOKMARK [3][-]{subsubsection.6.2.1.3}{\376\377\215\104\116\247\200\114\200\375}{subsection.6.2.1}% 85
\BOOKMARK [3][-]{subsubsection.6.2.1.4}{\376\377\116\026\165\114\215\047\136\001}{subsection.6.2.1}% 86
\BOOKMARK [2][-]{subsection.6.2.2}{\376\377\176\317\155\116\137\161\124\315}{section.6.2}% 87
\BOOKMARK [2][-]{subsection.6.2.3}{\376\377\121\166\116\326\137\161\124\315}{section.6.2}% 88
\BOOKMARK [2][-]{subsection.6.2.4}{\376\377\137\161\124\315\147\141\116\366}{section.6.2}% 89
\BOOKMARK [1][-]{section.6.3}{\376\377\215\047\136\001\122\066\136\246}{chapter.6}% 90
\BOOKMARK [2][-]{subsection.6.3.1}{\376\377\126\375\133\266\215\047\136\001\122\066\136\246}{section.6.3}% 91
\BOOKMARK [3][-]{subsubsection.6.3.1.1}{\376\377\215\047\136\001\147\054\117\115\117\123\174\373}{subsection.6.3.1}% 92
\BOOKMARK [4][-]{paragraph.6.3.1.1.1}{\376\377\221\321\134\136\215\047\136\001\122\066\136\246}{subsubsection.6.3.1.1}% 93
\BOOKMARK [4][-]{paragraph.6.3.1.1.2}{\376\377\117\341\165\050\215\047\136\001\122\066\136\246}{subsubsection.6.3.1.1}% 94
\BOOKMARK [3][-]{subsubsection.6.3.1.2}{\376\377\215\047\136\001\145\057\116\330\117\123\174\373}{subsection.6.3.1}% 95
\BOOKMARK [2][-]{subsection.6.3.2}{\376\377\123\072\127\337\215\047\136\001\122\066\136\246}{section.6.3}% 96
\BOOKMARK [3][-]{subsubsection.6.3.2.1}{\376\377\147\000\220\002\136\246\220\032\215\047\123\072\164\006\213\272}{subsection.6.3.2}% 97
\BOOKMARK [2][-]{subsection.6.3.3}{\376\377\126\375\226\105\215\047\136\001\122\066\136\246}{section.6.3}% 98
\BOOKMARK [3][-]{subsubsection.6.3.3.1}{\376\377\126\375\226\105\221\321\147\054\117\115\117\123\174\373}{subsection.6.3.3}% 99
\BOOKMARK [3][-]{subsubsection.6.3.3.2}{\376\377\136\003\226\367\230\177\150\356\147\227\117\123\174\373\377\010\000B\000r\000e\000t\000t\000o\000n\000\040\000W\000o\000o\000d\000s\000\040\000S\000y\000s\000t\000e\000m\377\011}{subsection.6.3.3}% 100
\BOOKMARK [3][-]{subsubsection.6.3.3.3}{\376\377\162\131\116\160\122\240\117\123\174\373\377\010\000J\000a\000m\000a\000i\000c\000a\000\040\000S\000y\000s\000t\000e\000m\377\011}{subsection.6.3.3}% 101
\BOOKMARK [0][-]{chapter.7}{\376\377\117\341\165\050}{part.4}% 102
\BOOKMARK [0][-]{chapter.8}{\376\377\122\051\163\207}{part.4}% 103
\BOOKMARK [1][-]{section.8.1}{\376\377\122\051\163\207\122\006\174\173}{chapter.8}% 104
\BOOKMARK [2][-]{subsection.8.1.1}{\376\377\136\002\127\072\122\051\163\207}{section.8.1}% 105
\BOOKMARK [2][-]{subsection.8.1.2}{\376\377\145\077\173\126\122\051\163\207}{section.8.1}% 106
\BOOKMARK [1][-]{section.8.2}{\376\377\121\263\133\232\164\006\213\272}{chapter.8}% 107
\BOOKMARK [2][-]{subsection.8.2.1}{\376\377\232\154\121\113\140\035}{section.8.2}% 108
\BOOKMARK [2][-]{subsection.8.2.2}{\376\377\123\357\215\067\215\104\221\321\122\051\163\207\164\006\213\272}{section.8.2}% 109
\BOOKMARK [3][-]{subsubsection.8.2.2.1}{\376\377\133\236\226\105\122\051\163\207\164\006\213\272}{subsection.8.2.2}% 110
\BOOKMARK [3][-]{subsubsection.8.2.2.2}{\376\377\155\101\122\250\140\047\120\117\131\175\164\006\213\272}{subsection.8.2.2}% 111
\BOOKMARK [2][-]{subsection.8.2.3}{\376\377\000I\000S\000-\000L\000M\152\041\127\213}{section.8.2}% 112
\BOOKMARK [2][-]{subsection.8.2.4}{\376\377\137\161\124\315\126\340\175\040}{section.8.2}% 113
\BOOKMARK [3][-]{subsubsection.8.2.4.1}{\376\377\133\217\211\302}{subsection.8.2.4}% 114
\BOOKMARK [3][-]{subsubsection.8.2.4.2}{\376\377\137\256\211\302}{subsection.8.2.4}% 115
\BOOKMARK [4][-]{paragraph.8.2.4.2.1}{\376\377\230\204\147\037\000/\147\037\147\033\120\107\213\364}{subsubsection.8.2.4.2}% 116
\BOOKMARK [4][-]{paragraph.8.2.4.2.2}{\376\377\136\002\127\072\122\006\122\162\164\006\213\272\000/\147\037\226\120\120\117\131\175\164\006\213\272}{subsubsection.8.2.4.2}% 117
\BOOKMARK [4][-]{paragraph.8.2.4.2.3}{\376\377\147\037\226\120\220\011\142\351\116\016\155\101\122\250\140\047\123\107\154\064\164\006\213\272}{subsubsection.8.2.4.2}% 118
\BOOKMARK [1][-]{section.8.3}{\376\377\117\134\165\050\116\016\137\161\124\315}{chapter.8}% 119
\BOOKMARK [2][-]{subsection.8.3.1}{\376\377\133\217\211\302}{section.8.3}% 120
\BOOKMARK [2][-]{subsection.8.3.2}{\376\377\137\256\211\302}{section.8.3}% 121
\BOOKMARK [2][-]{subsection.8.3.3}{\376\377\147\141\116\366}{section.8.3}% 122
\BOOKMARK [0][-]{chapter.9}{\376\377\154\107\163\207}{part.4}% 123
\BOOKMARK [0][-]{chapter.10}{\376\377\221\321\207\215\135\345\121\167}{part.4}% 124
\BOOKMARK [0][-]{chapter.11}{\376\377\221\321\207\215\136\002\127\072}{part.4}% 125
\BOOKMARK [0][-]{chapter.12}{\376\377\221\321\207\215\147\072\147\204}{part.4}% 126
\BOOKMARK [0][-]{chapter.13}{\376\377\227\136\221\321\207\215\147\072\147\204}{part.4}% 127
\BOOKMARK [0][-]{chapter.14}{\376\377\133\266\136\255\221\321\207\215}{part.4}% 128
\BOOKMARK [0][-]{chapter.15}{\376\377\221\321\207\215\214\003\143\247}{part.4}% 129
\BOOKMARK [0][-]{chapter.16}{\376\377\221\321\207\215\166\321\173\241}{part.4}% 130
\BOOKMARK [0][-]{chapter.17}{\376\377\123\344\121\170\000A\000D\000-\000A\000S\152\041\127\213}{part.4}% 131
\BOOKMARK [0][-]{chapter.18}{\376\377\122\151\117\131\116\367\120\074\164\006\213\272}{part.4}% 132
\BOOKMARK [1][-]{section.18.1}{\376\377\215\104\147\054\116\073\116\111\165\037\116\247}{chapter.18}% 133
\BOOKMARK [2][-]{subsection.18.1.1}{\376\377\215\104\147\054\140\073\121\154\137\017\377\032\000G\000-\000W\000-\000G\000'}{section.18.1}% 134
\BOOKMARK [3][-]{subsubsection.18.1.1.1}{\376\377\116\247\116\032\215\104\147\054\121\154\137\017}{subsection.18.1.1}% 135
\BOOKMARK [4][-]{paragraph.18.1.1.1.1}{\376\377\152\041\127\213\377\032\171\076\117\032\173\200\123\125\121\215\165\037\116\247}{subsubsection.18.1.1.1}% 136
\BOOKMARK [4][-]{paragraph.18.1.1.1.2}{\376\377\152\041\127\213\377\032\171\076\117\032\142\151\131\047\121\215\165\037\116\247}{subsubsection.18.1.1.1}% 137
\BOOKMARK [4][-]{paragraph.18.1.1.1.3}{\376\377\164\006\213\272}{subsubsection.18.1.1.1}% 138
\BOOKMARK [2][-]{subsection.18.1.2}{\376\377\215\104\147\054\171\357\175\057}{section.18.1}% 139
\BOOKMARK [3][-]{subsubsection.18.1.2.1}{\376\377\215\104\147\054\171\357\200\132}{subsection.18.1.2}% 140
\BOOKMARK [3][-]{subsubsection.18.1.2.2}{\376\377\215\104\147\054\226\306\116\055}{subsection.18.1.2}% 141
\BOOKMARK [3][-]{subsubsection.18.1.2.3}{\376\377\121\163\174\373}{subsection.18.1.2}% 142
\BOOKMARK [1][-]{section.18.2}{\376\377\215\104\147\054\116\073\116\111\116\244\143\142\000/\155\101\220\032}{chapter.18}% 143
\BOOKMARK [2][-]{subsection.18.2.1}{\376\377\125\106\124\301\176\317\155\116}{section.18.2}% 144
\BOOKMARK [2][-]{subsection.18.2.2}{\376\377\211\304\137\213}{section.18.2}% 145
\BOOKMARK [3][-]{subsubsection.18.2.2.1}{\376\377\116\367\120\074\211\304\137\213}{subsection.18.2.2}% 146
\BOOKMARK [3][-]{subsubsection.18.2.2.2}{\376\377\215\104\156\220\221\115\177\156\211\304\137\213}{subsection.18.2.2}% 147
\BOOKMARK [1][-]{section.18.3}{\376\377\215\104\147\054\116\073\116\111\122\006\221\115\377\010\217\154\127\213\164\006\213\272\377\011}{chapter.18}% 148
\BOOKMARK [2][-]{subsection.18.3.1}{\376\377\122\263\122\250\122\233}{section.18.3}% 149
\BOOKMARK [3][-]{subsubsection.18.3.1.1}{\376\377\135\345\215\104}{subsection.18.3.1}% 150
\BOOKMARK [2][-]{subsection.18.3.2}{\376\377\215\104\147\054}{section.18.3}% 151
\BOOKMARK [2][-]{subsection.18.3.3}{\376\377\127\037\127\060}{section.18.3}% 152
\BOOKMARK [3][-]{subsubsection.18.3.3.1}{\376\377\121\372\171\337\377\032\127\060\171\337}{subsection.18.3.3}% 153
\BOOKMARK [3][-]{subsubsection.18.3.3.2}{\376\377\121\372\123\126}{subsection.18.3.3}% 154
\BOOKMARK [0][-]{chapter.19}{\376\377\121\357\140\151\145\257\000A\000D\000-\000A\000S\152\041\127\213}{part.4}% 155
\BOOKMARK [0][-]{chapter.20}{\376\377\215\104\116\247\215\037\120\072\210\150}{part.4}% 156
\BOOKMARK [1][-]{section.20.1}{\376\377\117\001\116\032\215\104\116\247\215\037\120\072\210\150}{chapter.20}% 157
\BOOKMARK [1][-]{section.20.2}{\376\377\131\056\210\114\215\104\116\247\215\037\120\072\210\150}{chapter.20}% 158
\BOOKMARK [1][-]{section.20.3}{\376\377\126\375\133\266\215\104\116\247\215\037\120\072}{chapter.20}% 159
\BOOKMARK [0][-]{chapter.21}{\376\377\215\104\221\321\155\101\221\317\210\150}{part.4}% 160
\BOOKMARK [1][-]{section.21.1}{\376\377\117\001\116\032\163\260\221\321\155\101\221\317\210\150}{chapter.21}% 161
\BOOKMARK [1][-]{section.21.2}{\376\377\126\375\226\105\145\066\145\057\136\163\210\141\210\150}{chapter.21}% 162
\BOOKMARK [2][-]{subsection.21.2.1}{\376\377\176\317\136\070\215\046\142\067}{section.21.2}% 163
\BOOKMARK [2][-]{subsection.21.2.2}{\376\377\221\321\207\215\215\046\142\067}{section.21.2}% 164
\BOOKMARK [2][-]{subsection.21.2.3}{\376\377\215\104\147\054\215\046\142\067}{section.21.2}% 165
\BOOKMARK [2][-]{subsection.21.2.4}{\376\377\121\300\213\357\135\356\116\016\220\127\157\017}{section.21.2}% 166
\BOOKMARK [0][-]{chapter.22}{\376\377\145\066\121\145\210\150}{part.4}% 167
\BOOKMARK [1][-]{section.22.1}{\376\377\117\001\116\032\122\051\155\246\210\150}{chapter.22}% 168
\BOOKMARK [1][-]{section.22.2}{\376\377\142\100\147\011\200\005\147\103\166\312\123\330\122\250\210\150}{chapter.22}% 169
\BOOKMARK [1][-]{section.22.3}{\376\377\126\375\154\021\145\066\121\145\150\070\173\227}{chapter.22}% 170
\BOOKMARK [2][-]{subsection.22.3.1}{\376\377\126\375\121\205\165\037\116\247\140\073\120\074\377\010\000G\000D\000P\377\011}{section.22.3}% 171
\BOOKMARK [3][-]{subsubsection.22.3.1.1}{\376\377\150\070\173\227\145\271\154\325}{subsection.22.3.1}% 172
\BOOKMARK [3][-]{subsubsection.22.3.1.2}{\376\377\176\304\142\020\220\350\122\006}{subsection.22.3.1}% 173
\BOOKMARK [2][-]{subsection.22.3.2}{\376\377\126\375\154\021\165\037\116\247\140\073\120\074\377\010\000G\000N\000P\377\011}{section.22.3}% 174
\BOOKMARK [2][-]{subsection.22.3.3}{\376\377\126\375\154\021\121\300\116\247\120\074\377\010\000N\000N\000P\377\011}{section.22.3}% 175
\BOOKMARK [2][-]{subsection.22.3.4}{\376\377\126\375\154\021\145\066\121\145\377\010\000N\000I\377\011}{section.22.3}% 176
\BOOKMARK [2][-]{subsection.22.3.5}{\376\377\116\052\116\272\123\357\145\057\221\115\145\066\121\145}{section.22.3}% 177
\BOOKMARK [0][-]{chapter.23}{\376\377\171\076\117\032\211\302}{part.4}% 178
\BOOKMARK [0][-]{chapter.24}{\376\377\116\367\120\074\211\302}{part.4}% 179
\BOOKMARK [0][-]{chapter.25}{\376\377\164\065\164\066}{part.4}% 180
\BOOKMARK [-1][-]{part.5}{\376\377\000V\000\040\116\140\230\230}{}% 181
