\BOOKMARK [-1][-]{part.1}{\376\377\000I\000\040\0001}{}% 1
\BOOKMARK [0][-]{chapter.1}{\376\377\0001}{part.1}% 2
\BOOKMARK [1][-]{section.1.1}{\376\377\144\222\124\310\142\311\166\204\145\105\116\213}{chapter.1}% 3
\BOOKMARK [2][-]{subsection.1.1.1}{\376\377\162\110\147\103\230\165}{section.1.1}% 4
\BOOKMARK [2][-]{subsection.1.1.2}{\376\377\154\231\157\040\116\055\166\204\231\155\136\227}{section.1.1}% 5
\BOOKMARK [2][-]{subsection.1.1.3}{\376\377\176\323\132\132\213\260}{section.1.1}% 6
\BOOKMARK [2][-]{subsection.1.1.4}{\376\377\140\254\130\366\155\116\116\026}{section.1.1}% 7
\BOOKMARK [2][-]{subsection.1.1.5}{\376\377\132\003\132\003\145\260\132\030}{section.1.1}% 8
\BOOKMARK [2][-]{subsection.1.1.6}{\376\377\203\122\134\161\116\113\131\034}{section.1.1}% 9
\BOOKMARK [2][-]{subsection.1.1.7}{\376\377\154\231\157\040\211\302\155\164\213\260}{section.1.1}% 10
\BOOKMARK [2][-]{subsection.1.1.8}{\376\377\162\061\166\204\133\373\154\102}{section.1.1}% 11
\BOOKMARK [2][-]{subsection.1.1.9}{\376\377\202\263\220\273}{section.1.1}% 12
\BOOKMARK [2][-]{subsection.1.1.10}{\376\377\175\040\116\272\156\024\131\053}{section.1.1}% 13
\BOOKMARK [2][-]{subsection.1.1.11}{\376\377\153\173\147\234}{section.1.1}% 14
\BOOKMARK [2][-]{subsection.1.1.12}{\376\377\131\051\150\257}{section.1.1}% 15
\BOOKMARK [2][-]{subsection.1.1.13}{\376\377\166\175\142\113\142\020\133\266}{section.1.1}% 16
\BOOKMARK [2][-]{subsection.1.1.14}{\376\377\145\066\233\102\213\260}{section.1.1}% 17
\BOOKMARK [2][-]{subsection.1.1.15}{\376\377\154\231\135\364\121\233\146\371}{section.1.1}% 18
\BOOKMARK [2][-]{subsection.1.1.16}{\376\377\144\055\217\146\133\242}{section.1.1}% 19
\BOOKMARK [2][-]{subsection.1.1.17}{\376\377\124\321\131\164}{section.1.1}% 20
\BOOKMARK [2][-]{subsection.1.1.18}{\376\377\124\355\154\343\166\204\232\206\232\174}{section.1.1}% 21
\BOOKMARK [2][-]{subsection.1.1.19}{\376\377\226\104\137\125}{section.1.1}% 22
\BOOKMARK [3][-]{subsubsection.1.1.19.1}{\376\377\126\336\116\141\134\017\173\117}{subsection.1.1.19}% 23
\BOOKMARK [3][-]{subsubsection.1.1.19.2}{\376\377\134\030\177\030\040\024\040\024\221\315\145\260\166\204\162\066\116\262\202\202}{subsection.1.1.19}% 24
\BOOKMARK [2][-]{subsection.1.1.20}{\376\377\116\146\117\341\377\010\144\222\124\310\142\311\000\267\123\360\156\176\377\011}{section.1.1}% 25
\BOOKMARK [3][-]{subsubsection.1.1.20.1}{\376\377\116\000\116\135\116\003\126\333\136\164\116\000\147\010\116\214\123\101\116\224\145\345}{subsection.1.1.20}% 26
\BOOKMARK [3][-]{subsubsection.1.1.20.2}{\376\377\116\000\116\135\116\003\126\333\136\164\116\000\147\010\116\214\123\101\121\155\145\345}{subsection.1.1.20}% 27
\BOOKMARK [3][-]{subsubsection.1.1.20.3}{\376\377\116\000\116\135\116\003\126\333\136\164\126\333\147\010\123\101\121\153\145\345}{subsection.1.1.20}% 28
\BOOKMARK [3][-]{subsubsection.1.1.20.4}{\376\377\116\000\116\135\116\003\126\333\136\164\126\333\147\010\116\214\123\101\116\003\145\345}{subsection.1.1.20}% 29
\BOOKMARK [3][-]{subsubsection.1.1.20.5}{\376\377\116\000\116\135\116\003\126\333\136\164\116\224\147\010\116\214\123\101\145\345}{subsection.1.1.20}% 30
\BOOKMARK [3][-]{subsubsection.1.1.20.6}{\376\377\116\000\116\135\116\003\126\333\136\164\123\101\147\010\123\101\116\000\145\345}{subsection.1.1.20}% 31
\BOOKMARK [3][-]{subsubsection.1.1.20.7}{\376\377\116\000\116\135\116\003\126\333\136\164\123\101\116\000\147\010\116\000\145\345}{subsection.1.1.20}% 32
\BOOKMARK [3][-]{subsubsection.1.1.20.8}{\376\377\116\000\116\135\116\003\126\333\136\164\123\101\116\214\147\010}{subsection.1.1.20}% 33
\BOOKMARK [3][-]{subsubsection.1.1.20.9}{\376\377\116\000\116\135\116\003\116\224\136\164\116\214\147\010\123\101\145\345}{subsection.1.1.20}% 34
