\BOOKMARK [-1][-]{part.1}{\376\377\000I\000\040\0001}{}% 1
\BOOKMARK [0][-]{chapter.1}{\376\377\134\017\213\364}{part.1}% 2
\BOOKMARK [1][-]{section.1.1}{\376\377\157\300\155\101\116\011\220\350\146\362\377\032\133\266\060\001\146\045\060\001\171\313}{chapter.1}% 3
\BOOKMARK [2][-]{subsection.1.1.1}{\376\377\121\215\162\110\122\115\212\000}{section.1.1}% 4
\BOOKMARK [2][-]{subsection.1.1.2}{\376\377\145\207\133\146\165\037\155\073\116\224\123\101\136\164\377\010\116\343\136\217\377\011}{section.1.1}% 5
\BOOKMARK [2][-]{subsection.1.1.3}{\376\377\060\012\157\300\155\101\060\013\140\073\136\217}{section.1.1}% 6
\BOOKMARK [2][-]{subsection.1.1.4}{\376\377\133\266}{section.1.1}% 7
\BOOKMARK [2][-]{subsection.1.1.5}{\376\377\146\045}{section.1.1}% 8
\BOOKMARK [2][-]{subsection.1.1.6}{\376\377\171\313}{section.1.1}% 9
\BOOKMARK [1][-]{section.1.2}{\376\377\134\017\163\213\133\120}{chapter.1}% 10
\BOOKMARK [0][-]{chapter.2}{\376\377\213\327\153\114}{part.1}% 11
\BOOKMARK [0][-]{chapter.3}{\376\377\145\143\145\207}{part.1}% 12
\BOOKMARK [-1][-]{part.2}{\376\377\000I\000I\000\040\117\134\133\266}{}% 13
\BOOKMARK [0][-]{chapter.4}{\376\377\234\201\217\305}{part.2}% 14
\BOOKMARK [0][-]{chapter.5}{\376\377\116\011\153\333}{part.2}% 15
\BOOKMARK [1][-]{section.5.1}{\376\377\226\350\133\143\116\015\121\215\147\145}{chapter.5}% 16
\BOOKMARK [2][-]{subsection.5.1.1}{}{section.5.1}% 17
\BOOKMARK [2][-]{subsection.5.1.2}{}{section.5.1}% 18
\BOOKMARK [2][-]{subsection.5.1.3}{}{section.5.1}% 19
\BOOKMARK [2][-]{subsection.5.1.4}{}{section.5.1}% 20
\BOOKMARK [2][-]{subsection.5.1.5}{}{section.5.1}% 21
\BOOKMARK [2][-]{subsection.5.1.6}{}{section.5.1}% 22
\BOOKMARK [2][-]{subsection.5.1.7}{}{section.5.1}% 23
\BOOKMARK [2][-]{subsection.5.1.8}{}{section.5.1}% 24
\BOOKMARK [2][-]{subsection.5.1.9}{}{section.5.1}% 25
\BOOKMARK [2][-]{subsection.5.1.10}{}{section.5.1}% 26
\BOOKMARK [2][-]{subsection.5.1.11}{}{section.5.1}% 27
\BOOKMARK [2][-]{subsection.5.1.12}{}{section.5.1}% 28
\BOOKMARK [2][-]{subsection.5.1.13}{}{section.5.1}% 29
\BOOKMARK [2][-]{subsection.5.1.14}{}{section.5.1}% 30
\BOOKMARK [2][-]{subsection.5.1.15}{}{section.5.1}% 31
\BOOKMARK [2][-]{subsection.5.1.16}{}{section.5.1}% 32
\BOOKMARK [2][-]{subsection.5.1.17}{}{section.5.1}% 33
\BOOKMARK [2][-]{subsection.5.1.18}{}{section.5.1}% 34
\BOOKMARK [2][-]{subsection.5.1.19}{}{section.5.1}% 35
\BOOKMARK [2][-]{subsection.5.1.20}{}{section.5.1}% 36
\BOOKMARK [2][-]{subsection.5.1.21}{}{section.5.1}% 37
\BOOKMARK [2][-]{subsection.5.1.22}{}{section.5.1}% 38
\BOOKMARK [2][-]{subsection.5.1.23}{}{section.5.1}% 39
\BOOKMARK [2][-]{subsection.5.1.24}{}{section.5.1}% 40
\BOOKMARK [2][-]{subsection.5.1.25}{}{section.5.1}% 41
\BOOKMARK [2][-]{subsection.5.1.26}{}{section.5.1}% 42
\BOOKMARK [2][-]{subsection.5.1.27}{}{section.5.1}% 43
\BOOKMARK [2][-]{subsection.5.1.28}{}{section.5.1}% 44
\BOOKMARK [2][-]{subsection.5.1.29}{}{section.5.1}% 45
\BOOKMARK [2][-]{subsection.5.1.30}{}{section.5.1}% 46
\BOOKMARK [2][-]{subsection.5.1.31}{}{section.5.1}% 47
\BOOKMARK [2][-]{subsection.5.1.32}{}{section.5.1}% 48
\BOOKMARK [1][-]{section.5.2}{\376\377\116\262\162\061\166\204\116\011\153\333}{chapter.5}% 49
\BOOKMARK [2][-]{subsection.5.2.1}{\376\377\214\010\137\303}{section.5.2}% 50
\BOOKMARK [3][-]{subsubsection.5.2.1.1}{\376\377\116\011\153\333\117\341\173\261}{subsection.5.2.1}% 51
\BOOKMARK [3][-]{subsubsection.5.2.1.2}{\376\377\201\352\162\061\200\014\116\015\201\352\140\034}{subsection.5.2.1}% 52
\BOOKMARK [3][-]{subsubsection.5.2.1.3}{}{subsection.5.2.1}% 53
\BOOKMARK [3][-]{subsubsection.5.2.1.4}{}{subsection.5.2.1}% 54
\BOOKMARK [3][-]{subsubsection.5.2.1.5}{}{subsection.5.2.1}% 55
\BOOKMARK [3][-]{subsubsection.5.2.1.6}{}{subsection.5.2.1}% 56
\BOOKMARK [3][-]{subsubsection.5.2.1.7}{}{subsection.5.2.1}% 57
\BOOKMARK [3][-]{subsubsection.5.2.1.8}{}{subsection.5.2.1}% 58
\BOOKMARK [3][-]{subsubsection.5.2.1.9}{}{subsection.5.2.1}% 59
\BOOKMARK [3][-]{subsubsection.5.2.1.10}{}{subsection.5.2.1}% 60
\BOOKMARK [3][-]{subsubsection.5.2.1.11}{}{subsection.5.2.1}% 61
\BOOKMARK [3][-]{subsubsection.5.2.1.12}{}{subsection.5.2.1}% 62
\BOOKMARK [3][-]{subsubsection.5.2.1.13}{}{subsection.5.2.1}% 63
\BOOKMARK [3][-]{subsubsection.5.2.1.14}{}{subsection.5.2.1}% 64
\BOOKMARK [3][-]{subsubsection.5.2.1.15}{}{subsection.5.2.1}% 65
\BOOKMARK [3][-]{subsubsection.5.2.1.16}{}{subsection.5.2.1}% 66
\BOOKMARK [3][-]{subsubsection.5.2.1.17}{}{subsection.5.2.1}% 67
\BOOKMARK [3][-]{subsubsection.5.2.1.18}{}{subsection.5.2.1}% 68
\BOOKMARK [3][-]{subsubsection.5.2.1.19}{}{subsection.5.2.1}% 69
\BOOKMARK [3][-]{subsubsection.5.2.1.20}{}{subsection.5.2.1}% 70
\BOOKMARK [3][-]{subsubsection.5.2.1.21}{}{subsection.5.2.1}% 71
\BOOKMARK [3][-]{subsubsection.5.2.1.22}{}{subsection.5.2.1}% 72
\BOOKMARK [3][-]{subsubsection.5.2.1.23}{}{subsection.5.2.1}% 73
\BOOKMARK [3][-]{subsubsection.5.2.1.24}{}{subsection.5.2.1}% 74
\BOOKMARK [3][-]{subsubsection.5.2.1.25}{}{subsection.5.2.1}% 75
\BOOKMARK [3][-]{subsubsection.5.2.1.26}{}{subsection.5.2.1}% 76
\BOOKMARK [3][-]{subsubsection.5.2.1.27}{}{subsection.5.2.1}% 77
\BOOKMARK [3][-]{subsubsection.5.2.1.28}{}{subsection.5.2.1}% 78
\BOOKMARK [3][-]{subsubsection.5.2.1.29}{}{subsection.5.2.1}% 79
\BOOKMARK [3][-]{subsubsection.5.2.1.30}{}{subsection.5.2.1}% 80
\BOOKMARK [3][-]{subsubsection.5.2.1.31}{}{subsection.5.2.1}% 81
\BOOKMARK [3][-]{subsubsection.5.2.1.32}{}{subsection.5.2.1}% 82
\BOOKMARK [3][-]{subsubsection.5.2.1.33}{}{subsection.5.2.1}% 83
\BOOKMARK [3][-]{subsubsection.5.2.1.34}{}{subsection.5.2.1}% 84
\BOOKMARK [3][-]{subsubsection.5.2.1.35}{}{subsection.5.2.1}% 85
\BOOKMARK [2][-]{subsection.5.2.2}{\376\377\226\217\140\363}{section.5.2}% 86
\BOOKMARK [3][-]{subsubsection.5.2.2.1}{\376\377\133\151\133\120}{subsection.5.2.2}% 87
\BOOKMARK [3][-]{subsubsection.5.2.2.2}{\376\377\137\353\116\120}{subsection.5.2.2}% 88
\BOOKMARK [3][-]{subsubsection.5.2.2.3}{}{subsection.5.2.2}% 89
\BOOKMARK [0][-]{chapter.6}{\376\377\204\047\176\242}{part.2}% 90
\BOOKMARK [0][-]{chapter.7}{\376\377\137\040\162\061\163\262}{part.2}% 91
